_GLOBAL__sub_I_InstrProfilingRuntime.cpp
__llvm_profile_initialize
parseAndSetFilename
truncateCurrentFile
getCurFilenameLength
getCurFilename
__llvm_profile_is_continuous_mode_enabled
lprofSetupValueProfiler
main
_$s8AveBingo11AppDelegateCMa
_$s8AveBingo11AppDelegateCACycfcTo
_$s9Analytics22StartupMetricsProviderC6sharedACvau
_$s9Analytics22StartupMetricsProviderC6shared_WZ
_$s9Analytics22StartupMetricsProviderCMa
_$s9Analytics22StartupMetricsProviderC5trackyyAC10TrackPointOF
_$s8Dispatch0A4TimeVSgWOb
_$sSDyq_Sgxcis9Analytics22StartupMetricsProviderC10TrackPointO_8Dispatch0G4TimeVTg5
_$sSD8_VariantV8setValue_6forKeyyq_n_xtF9Analytics22StartupMetricsProviderC10TrackPointO_8Dispatch0L4TimeVTg5
_$ss17_NativeDictionaryV12mutatingFind_8isUniques10_HashTableV6BucketV6bucket_Sb5foundtx_SbtF9Analytics22StartupMetricsProvider
_$ss22__RawDictionaryStorageC4findys10_HashTableV6BucketV6bucket_Sb5foundtxSHRzlF9Analytics22StartupMetricsProviderC10TrackPoin
_$ss22__RawDictionaryStorageC4find_9hashValues10_HashTableV6BucketV6bucket_Sb5foundtx_SitSHRzlF9Analytics22StartupMetricsProvid
_$ss17_NativeDictionaryV20_copyOrMoveAndResize8capacity12moveElementsySi_SbtF9Analytics22StartupMetricsProviderC10TrackPointO_8
_$s9Analytics22StartupMetricsProviderC10TrackPointOMa
_$s9Analytics22StartupMetricsProviderC10TrackPointOSHAASQWb
_$s9Analytics22StartupMetricsProviderC10TrackPointOAESQAAWl
_$ss17_NativeDictionaryV7_insert2at3key5valueys10_HashTableV6BucketV_xnq_ntF9Analytics22StartupMetricsProviderC10TrackPointO_8D
_$s8AveBingo11AppDelegateC11application_30willFinishLaunchingWithOptionsSbSo13UIApplicationC_SDySo0k6LaunchJ3KeyaypGSgtFTo
_$s8MixpanelAACMa
_$s8Mixpanel0A7ManagerC14sharedInstance_WZ
_$s8Mixpanel0A7ManagerCMa
_$s8Mixpanel0A7ManagerCACycfc
_$s8Mixpanel12PrintLoggingCMa
_$s8Mixpanel6LoggerC10addLoggingyyAA0D0_pFZTf4en_nAA05PrintD0C_Tgm5
_$s8Mixpanel6LoggerCMa
_$s8Mixpanel6LoggerC13readWriteLock33_6BBD8F7A3C4520592F2A3564F6D31C9ELL_WZ
_$s8Mixpanel13ReadWriteLockCMa
_$s8Mixpanel13ReadWriteLockC5write7closureyyyXE_tFyyXEfU_TA.37
_$s8Mixpanel13ReadWriteLockC5write7closureyyyXE_tFyyXEfU_
_$s8Mixpanel6LoggerC10addLoggingyyAA0D0_pFZyyXEfU_TA
_$s8Mixpanel6LoggerC10addLoggingyyAA0D0_pFZyyXEfU_
_$s8Mixpanel6LoggerC7loggers33_6BBD8F7A3C4520592F2A3564F6D31C9ELL_WZ
_$s8Mixpanel7Logging_pWOc
_$ss12_ArrayBufferV20_consumeAndCreateNew14bufferIsUnique15minimumCapacity13growForAppendAByxGSb_SiSbtF8Mixpanel7Logging_p_Tg5
_$ss12_ArrayBufferV20_consumeAndCreateNew14bufferIsUnique15minimumCapacity13growForAppendAByxGSb_SiSbtF8Mixpanel7Logging_p_Tg5T
_$s8Mixpanel7Logging_pWOb
_$sSo17OS_dispatch_queueC8DispatchE10AttributesVAEs10SetAlgebraACWl
_$sIeg_IyB_TR
_$sIg_Ieg_TRTA.33
_$sIg_Ieg_TR
_$s8Mixpanel0A7ManagerC15dequeueInstance33_5BB93A66CA3F8035AFDFA4141CC75A3FLL12instanceName0L8CreationAA0aD0CSS_AIyXEtFyyXEfU_
_$s8Mixpanel0A8InstanceCMa
_$s8Mixpanel0A8InstanceC8apiToken13flushInterval4name20trackAutomaticEvents23optOutTrackingByDefault19useUniqueDistinctId15supe
_$sSD17dictionaryLiteralSDyxq_Gx_q_td_tcfCSS_8Mixpanel5GroupCTgm5Tf4g_n
_$s8Mixpanel15AutomaticEventsCMa
_$s8Mixpanel15AutomaticEventsCACycfcTo
_$s8Mixpanel15AutomaticEventsCACycfc
_$s8Mixpanel0A11PersistenceCMa
_$s8Mixpanel4MPDBCMa
_$s8Mixpanel4MPDBC5tokenACSS_tcfc
_$s8Mixpanel4MPDBC4openyyF
_$s8Mixpanel4MPDBC8pathToDb33_57DCDC36290B489500D0D4DE0A331780LLSSSgyF
_$s8Mixpanel6LoggerC4info7message__yypyXK_S2StFZ34$s8Mixpanel4MPDBC4openyyFypyXEfu0_SSTf1cnnn_nTf4nnng_n
block_copy_helper.275
_$sIg_Ieg_TRTA.274
_$sIg_Ieg_TRTA
_$s8Mixpanel13ReadWriteLockC4read7closureyyyXE_tFyyXEfU_TA.270
_$s8Mixpanel13ReadWriteLockC4read7closureyyyXE_tFyyXEfU_TA
_$s8Mixpanel13ReadWriteLockC4read7closureyyyXE_tFyyXEfU_
_$s8Mixpanel6LoggerC4info7message__yypyXK_S2StFZyyXEfU_TA.266
_$s8Mixpanel6LoggerC4info7message__yypyXK_S2StFZyyXEfU_TA
_$s8Mixpanel6LoggerC5debug7message__yypyXK_S2StFZyyXEfU_Tm
_$s8Mixpanel6LoggerC13enabledLevels33_6BBD8F7A3C4520592F2A3564F6D31C9ELL_WZ
block_destroy_helper.276
_$s8Mixpanel6LoggerC4info7message__yypyXK_S2StFZ34$s8Mixpanel4MPDBC4openyyFypyXEfu1_SSTf1cnnn_nTf4nnng_n
block_copy_helper.263
_$sIg_Ieg_TRTA.262
_$s8Mixpanel13ReadWriteLockC4read7closureyyyXE_tFyyXEfU_TA.258
_$s8Mixpanel6LoggerC4info7message__yypyXK_S2StFZyyXEfU_TA.254
block_destroy_helper.264
_$s8Mixpanel4MPDBC14createTableFor33_57DCDC36290B489500D0D4DE0A331780LLyyAA15PersistenceTypeOF
_$s8Mixpanel15PersistenceTypeOwug
_$s8Mixpanel6LoggerC4info7message__yypyXK_S2StFZ101$s8Mixpanel4MPDBC14createTableFor33_57DCDC36290B489500D0D4DE0A331780LLyyAA15
_$sIg_Ieg_TRTA.214
_$s8Mixpanel13ReadWriteLockC4read7closureyyyXE_tFyyXEfU_TA.210
_$s8Mixpanel6LoggerC4info7message__yypyXK_S2StFZyyXEfU_TA.206
_$s8Mixpanel4MPDBC14createIndexFor33_57DCDC36290B489500D0D4DE0A331780LLyyAA15PersistenceTypeOF
_$s8Mixpanel6LoggerC4info7message__yypyXK_S2StFZ101$s8Mixpanel4MPDBC14createIndexFor33_57DCDC36290B489500D0D4DE0A331780LLyyAA15
block_copy_helper.203
_$sIg_Ieg_TRTA.202
_$s8Mixpanel13ReadWriteLockC4read7closureyyyXE_tFyyXEfU_TA.198
_$s8Mixpanel6LoggerC4info7message__yypyXK_S2StFZyyXEfU_TA.194
block_destroy_helper.204
_$s8Mixpanel0A11PersistenceC7migrateyyF
_$s8Mixpanel0A11PersistenceC13needMigration33_C0ACA6250E5C6838D47276C992839860LLSbyF
_$s8Mixpanel0A11PersistenceC16filePathWithType33_C0ACA6250E5C6838D47276C992839860LLySSSgSSF
_$sypSgWOcTm
_$s8Mixpanel5FlushCMa
_$s8Mixpanel5FlushC9serverURLACSS_tcfc
_$s8Mixpanel12FlushRequestCMa
_$s8Mixpanel15SessionMetadataCMa
_$s8Mixpanel15SessionMetadataC13trackingQueueACSo17OS_dispatch_queueC_tcfc
_$s8Mixpanel5TrackCMa
_$s8Mixpanel0A8InstanceC12reachability_WZ
_$s8Mixpanel6PeopleCMa
_$s8Mixpanel6PeopleC8apiToken11serialQueue4lock8metadata19mixpanelPersistenceACSS_So17OS_dispatch_queueCAA13ReadWriteLockCAA15S
_$s8Mixpanel5FlushC13flushIntervalSdvsyyXEfU_TA.369
_$s8Mixpanel5FlushC13flushIntervalSdvsyyXEfU_TA
_$s8Mixpanel5FlushC13flushIntervalSdvsyyXEfU_
_$s8Mixpanel0A8InstanceCAA13FlushDelegateA2aDP5flush011performFullC010completionySb_yycSgtFTW
_$s8Mixpanel0A8InstanceC5flush16performFullFlush10completionySb_yycSgtF
_$s8Mixpanel0A8InstanceC19hasOptedOutTrackingSbyF
_$s8Mixpanel0A8InstanceC19hasOptedOutTrackingSbyFyyXEfU_TA
_$s8Mixpanel5FlushC05startB5TimeryyF
_$s8Mixpanel5FlushC04stopB5TimeryyF
_$sIegh_IeyBh_TRTm
block_copy_helper.5
_$s8Mixpanel0A8InstanceC5flush16performFullFlush10completionySb_yycSgtFyyYbcfU_TA
_$s8Mixpanel0A8InstanceC14setupListeners33_0CB45E1C8B4A4433813A640264188496LLyyF
_$s8Mixpanel0A8InstanceC5flush16performFullFlush10completionySb_yycSgtFyyYbcfU_
_$s8Mixpanel0A8InstanceC15setCurrentRadioyyF
_$s8Mixpanel0A8InstanceC8delegateAA0A8Delegate_pSgvg
_$s8Mixpanel0A8InstanceC13telephonyInfo_WZ
_$s8Mixpanel0A8InstanceC14flushBatchSizeSivg
_$s8Mixpanel0A8InstanceC27trackAutomaticEventsEnabledSbvg
_$s8Mixpanel0A11PersistenceC19loadEntitiesInBatch4type9batchSize4flag22excludeAutomaticEventsSaySDySSypGGAA0B4TypeO_SiS2btF
_$s8Mixpanel4MPDBC8readRows_03numD04flagSaySDySSypGGAA15PersistenceTypeO_SiSbtF
_$s8Mixpanel0A11PersistenceC12loadIdentity12instanceNameAA0aD0VSS_tFZTf4nd_n
_$s8Mixpanel0A8IdentityVWOs
_$sSlsE3mapySayqd__Gqd__7ElementQzKXEKlFSaySDySSypGG_AETg5131$s8Mixpanel0A11PersistenceC19loadEntitiesInBatch4type9batchSize4fl
block_copy_helper.320
objectdestroy.23Tm
_$s8Mixpanel0A8InstanceC5flush16performFullFlush10completionySb_yycSgtFyyYbcfU_yyYbcfU_TA
_$s8Mixpanel0A8InstanceC5flush16performFullFlush10completionySb_yycSgtFyyYbcfU_yyYbcfU_
_$s8Mixpanel0A8InstanceC10flushQueue_4typeySaySDySSypGG_AA9FlushTypeOtF
_$s8Mixpanel0A8InstanceC19proxyServerDelegateAA0a5ProxydE0_pSgvg
_$s8Mixpanel5FlushC19flushQueueInBatches_4type7headers10queryItemsySaySDySSypGG_AA0B4TypeOSDyS2SGSay10Foundation12URLQueryItemV
_$s8Mixpanel19ServerProxyResourceVSgWOe
block_destroy_helper.321
block_copy_helper.182
_$s8Mixpanel0A8InstanceC15setCurrentRadioyyFyyYbcfU_Tf2ni_nTA
_$s8Mixpanel0A8InstanceC15setCurrentRadioyyFyyYbcfU_Tf2ni_n
_$s8Mixpanel13ReadWriteLockC5write7closureyyyXE_tFyyXEfU_TA.370
_$s8Mixpanel19AutomaticPropertiesC09automaticC4Lock_WZ
_$s8Mixpanel0A8InstanceC9unarchiveyyFyyXEfU_TA
_$s8Mixpanel13ReadWriteLockC5write7closureyyyXE_tFyyXEfU_TA.186
_$s8Mixpanel0A8InstanceC9unarchiveyyFyyXEfU_
_$s8Mixpanel0A11PersistenceC20loadOptOutStatusFlag12instanceNameSbSgSS_tFZTf4nd_n
_$s8Mixpanel0A8InstanceC15setCurrentRadioyyFyyYbcfU_yyXEfU_TA
_$s8Mixpanel0A8InstanceC15setCurrentRadioyyFyyYbcfU_yyXEfU_
_$sSSSgWObTm
_$s8Mixpanel0A11PersistenceC19loadSuperProperties12instanceNameSDySSypGSS_tFZTf4nd_n
_$s8Mixpanel19AutomaticPropertiesC10properties_WZ
_$s8Mixpanel19AutomaticPropertiesC10propertiesSDySSypGvpZfiAEyXEfU_
_$s8Mixpanel0A11PersistenceC15loadTimedEvents12instanceNameSDySSypGSS_tFZTf4nd_n
_$ss17_NativeDictionaryV12mutatingFind_8isUniques10_HashTableV6BucketV6bucket_Sb5foundtx_SbtFSS_ypTg5
_$ss17_NativeDictionaryV12mutatingFind_8isUniques10_HashTableV6BucketV6bucket_Sb5foundtx_SbtFSS_ypTg5Tm
_$ss17_NativeDictionaryV20_copyOrMoveAndResize8capacity12moveElementsySi_SbtFSS_ypTg5
_$sSo17NSKeyedUnarchiverCMaTm
_$s8Mixpanel0A11PersistenceC15archivedClasses33_C0ACA6250E5C6838D47276C992839860LL_WZ
_$ss29getContiguousArrayStorageType3fors01_bcD0CyxGmxm_tlFSo8NSObjectCm_Tgm5
__isPlatformVersionAtLeast
initializeAvailabilityCheck
_initializeAvailabilityCheck
_$ss15_arrayForceCastySayq_GSayxGr0_lFSo8NSObjectCm_yXlXpTg5
_$ss15ContiguousArrayV16_createNewBuffer14bufferIsUnique15minimumCapacity13growForAppendySb_SiSbtFyXlXp_Tg5
_$ss22_ContiguousArrayBufferV20_consumeAndCreateNew14bufferIsUnique15minimumCapacity13growForAppendAByxGSb_SiSbtFyXlXp_Tg5
_$ss17_NativeDictionaryV7_insert2at3key5valueys10_HashTableV6BucketV_xnq_ntFSS_ypTg5
_$s8Mixpanel0A8InstanceC6peopleAA6PeopleCSgvg
_$sSS3key_8Mixpanel0B4Type_p5valuetSgWObTm
_$s8Mixpanel0A8InstanceC10distinctIdSSvs
_$sSSSgWOr
_$s8Mixpanel0A8InstanceC11anonymousIdSSSgvs
_$s8Mixpanel0A8InstanceC6userIdSSSgvs
_$s8Mixpanel0A8InstanceC5aliasSSSgvs
_$s8Mixpanel0A8InstanceC22hadPersistedDistinctIdSbSgvs
_$s8Mixpanel0A8InstanceC10distinctIdSSvg
_$s8Mixpanel13ReadWriteLockC5write7closureyyyXE_tFyyXEfU_TA.25
_$s8Mixpanel0A7ManagerC15dequeueInstance33_5BB93A66CA3F8035AFDFA4141CC75A3FLL12instanceName0L8CreationAA0aD0CSS_AIyXEtFyyXEfU_y
_$sSD8_VariantV8setValue_6forKeyyq_n_xtFSS_8Mixpanel0F8InstanceCTg5
_$sSD8_VariantV8setValue_6forKeyyq_n_xtFSS_8Mixpanel0F8InstanceCTg5Tm
_$ss17_NativeDictionaryV20_copyOrMoveAndResize8capacity12moveElementsySi_SbtFSS_8Mixpanel0K8InstanceCTg5
_$ss17_NativeDictionaryV20_copyOrMoveAndResize8capacity12moveElementsySi_SbtFSS_8Mixpanel0K8InstanceCTg5Tm
objectdestroy.16Tm
_$s8AveBingo11AppDelegateC11application_26configurationForConnecting7optionsSo20UISceneConfigurationCSo13UIApplicationC_So0J7Se
_$s8AveBingo13SceneDelegateCACycfcTo
_$s11NetworkCore9URLParserCMa
_$s8AveBingo13SceneDelegateC5scene_13willConnectTo7optionsySo7UISceneC_So0J7SessionCSo0J17ConnectionOptionsCtFTo
_$s8AveBingo13SceneDelegateC5scene_13willConnectTo7optionsySo7UISceneC_So0J7SessionCSo0J17ConnectionOptionsCtFTf4ndnn_n
__swift_instantiateConcreteTypeFromMangledName
_$s12BingoHistory0aB4ViewVMa
_$s12BingoHistory0aB4ViewVMr
_$s7SwiftUI5StateVy12CommonModels17PlayBingoOpenTypeOSgGMa
_$s12CommonModels17PlayBingoOpenTypeOMa
_$s12CommonModels17PlayBingoOpenTypeOMr
_$s10Foundation3URLVSgMa
_$sSo16UIViewControllerCMaTm
_$sSo14NSUserActivityCSo8NSObjectCSH10ObjectiveCWl
_$sSlsE5first7ElementQzSgvgShySo14NSUserActivityCG_Tg5
_$sSh5IndexV8_VariantOyx__GSHRzlWOe
_$s10Foundation3URLVSgWOh
_$s8AveBingo13ScreenFactoryC6shared_WZ
_$s8AveBingo13ScreenFactoryCMa
_$s8AveBingo10AppFactory33_FAA57BF9A891FC506C9F7B1FF89C191DLLCMa
_$s12BingoHistory0aB4ViewVAC7SwiftUI0C0AAWl
_$s8AveBingo13ScreenFactoryC16bingoHistoryView0E9URLToOpen7SwiftUI03AnyG0V10Foundation3URLVSg_tF0bF00bfG0VyXEfU_TA.2
_$s8AveBingo13ScreenFactoryC16bingoHistoryView0E9URLToOpen7SwiftUI03AnyG0V10Foundation3URLVSg_tF0bF00bfG0VyXEfU_TA
_$s8AveBingo13ScreenFactoryC16bingoHistoryView0E9URLToOpen7SwiftUI03AnyG0V10Foundation3URLVSg_tF0bF00bfG0VyXEfU_
_$s8AveBingo10AppFactory33_FAA57BF9A891FC506C9F7B1FF89C191DLLC12bingoService0B8Services0bO0Cvg
_$s8AveBingo10AppFactory33_FAA57BF9A891FC506C9F7B1FF89C191DLLC13networkClient07NetworkO0AFCvg
_$s13NetworkClientAACMa
_$s13NetworkClientAAC11fileManagerABSo06NSFileD0C_tcfc
_$s12TokenStorage0A6LoaderCMa
_$s12TokenStorage0A6LoaderCACycfc
_$s12TokenStorage06SecureB0CMa
_$s9Alamofire15SessionDelegateC11fileManagerACSo06NSFileE0C_tcfc
_$s9Alamofire15SessionDelegateCMa
_$s13BingoServices0A7ServiceCMa
_$s13BingoServices0A7ServiceC6clientAC13NetworkClientAEC_tcfc
_$s10Foundation3URLVSgWOc
_$s12BingoHistory0aB9ViewModelCMa
_$s12BingoHistory0aB9ViewModelCMr
_$s7Combine9PublishedVy12BingoHistory0D5StateOGMaTm
_$s12BingoHistory0aB9ViewModelC12bingoService0E9URLToOpenAC0A8Services0aF0C_10Foundation3URLVSgtcfc
_$s12BingoHistory0B5StateOMa
_$s13BingoServices0A7ServiceC17onChangePublisher7Combine03AnyF0Vyyts5NeverOGvg
_$s7Combine18PassthroughSubjectCyyts5NeverOGACyxq_GAA9PublisherAAWlTm
_$s7Combine12AnyPublisherVyyts5NeverOGACyxq_GAA0C0AAWl
_$s8AveBingo10AppFactory33_FAA57BF9A891FC506C9F7B1FF89C191DLLC16analyticsService9Analytics0pO0Cvg
_$s9Analytics0A7ServiceCMa
_$s12BingoHistory0aB4ViewV9viewModel16analyticsService13screenFactoryAcA0abcE0C_17ServicesContracts09AnalyticsG8Protocol_p06Scr
_$s12CommonModels17EditBingoOpenTypeOMa
_$s12CommonModels17PlayBingoOpenTypeOSgWOcTm
_$s12CommonModels17PlayBingoOpenTypeOSgWOhTm
_$s12BingoHistory0aB9ViewModelCAC7Combine16ObservableObjectAAWlTm
_$s12BingoHistory0aB4ViewVwcp
_$s7SwiftUI14NavigationViewVy12BingoHistory0efD0VGACyxGAA0D0AAWl
__swift_instantiateConcreteTypeFromMangledNameAbstract
_$s12BingoHistory0aB4ViewVwxx
_$s8AveBingo13SceneDelegateC6windowSo8UIWindowCSgvgTo
_$s8Mixpanel19AutomaticPropertiesC11deviceModelSSyFZTf4d_n
_$sSD8_VariantV8setValue_6forKeyyq_n_xtFSS_ypTg5
_$sSlsE5first7ElementQzSgvgSDySSSo9CTCarrierCG_Tg5
_$ss17_NativeDictionaryV10startIndexSD0D0Vyxq__GvgSS_ypTg5Tm
block_destroy_helper.183
objectdestroy.33Tm
_$s8Mixpanel13ReadWriteLockC5write7closureyyyXE_tFyyXEfU_TA.371
_$s8Mixpanel6LoggerC4info7message__yypyXK_S2StFZ396$s8Mixpanel0A8InstanceC8apiToken13flushInterval4name20trackAutomaticEvents23
block_copy_helper.549
_$sIg_Ieg_TRTA.548
_$s8Mixpanel13ReadWriteLockC4read7closureyyyXE_tFyyXEfU_TA.544
_$s8Mixpanel6LoggerC4info7message__yypyXK_S2StFZyyXEfU_TA.540
block_destroy_helper.550
_$s8Mixpanel0A8InstanceC30applicationWillEnterForeground33_0CB45E1C8B4A4433813A640264188496LLyy10Foundation12NotificationVFTo
_$s8Mixpanel0A8InstanceC27applicationWillResignActive33_0CB45E1C8B4A4433813A640264188496LLyy10Foundation12NotificationVFToTm
_$s8Mixpanel0A8InstanceC30applicationWillEnterForeground33_0CB45E1C8B4A4433813A640264188496LLyy10Foundation12NotificationVF
_$s8Mixpanel0A8InstanceC19sharedUIApplicationSo0D0CSgyFZTf4d_n
_$s8Mixpanel15SessionMetadataC30applicationWillEnterForegroundyyF
_$s8Mixpanel15SessionMetadataC30applicationWillEnterForegroundyyFyyYbcfU_TA
_$s8Mixpanel15SessionMetadataC30applicationWillEnterForegroundyyFyyYbcfU_
_$s12BingoHistory0aB4ViewV7SwiftUI0C0AadEP05_makeC4List4view6inputsAD01_cG7OutputsVAD11_GraphValueVyxG_AD01_cG6InputsVtFZTW
_$s12BingoHistory17AveNavigationLinkVMa
_$s12BingoHistory17AveNavigationLinkVMi
_$s12BingoHistory17AveNavigationLinkVMr
_$s8SharedUI11FirstAppear33_B3B9064C2E82BCBB47DE609EFB1FCBC4LLVMa
_$s8SharedUI9ErrorViewVMa
_$s12BingoHistory05EmptyB4ViewVMa
_$s12CommonModels10BingoModelVMa
_$s12BingoHistory0A11SnippetViewVMa
_$s12BingoHistory14SwipeViewGroupVMa
_$s12BingoHistory14SwipeViewGroupVMi
_$s12BingoHistory14SwipeViewGroupVMr
_$s7SwiftUI5StateVy10Foundation4UUIDVSgGMaTm
_$s8SharedUI14PopupErrorViewVMa
_$s8SharedUI9AveButtonVMa
_$s12BingoHistory0aB9ViewModelC7Combine16ObservableObjectAA0G19WillChangePublisherAdEP_AD0J0PWT
_$s12BingoHistory0aB4ViewV7SwiftUI0C0AA4BodyAdEP_AGWT
_$s7SwiftUI15ModifiedContentVyACyACyAA4ViewPAAE29navigationBarTitleDisplayModeyQrAA010NavigationG4ItemV0hiJ0OFQOyACyAA6VStackVy
_$s7SwiftUI15ModifiedContentVyACyAA4ViewPAAE29navigationBarTitleDisplayModeyQrAA010NavigationG4ItemV0hiJ0OFQOyACyAA6VStackVyAA0
_$s7SwiftUI15ModifiedContentVyAA4ViewPAAE29navigationBarTitleDisplayModeyQrAA010NavigationG4ItemV0hiJ0OFQOyACyAA6VStackVyAA05Tu
_$s7SwiftUI15ModifiedContentVyAA6VStackVyAA9TupleViewVy12BingoHistory17AveNavigationLinkVy12CommonModels04EditH8OpenTypeOG_AJyA
_$s7SwiftUI6VStackVyAA9TupleViewVy12BingoHistory17AveNavigationLinkVy12CommonModels04EditF8OpenTypeOG_AHyAI04PlayfnO0OGAA15Modi
_$s8SharedUI11FirstAppear33_B3B9064C2E82BCBB47DE609EFB1FCBC4LLVAD05SwiftB012ViewModifierAAWl
_$s8SharedUI11FirstAppear33_B3B9064C2E82BCBB47DE609EFB1FCBC4LLV05SwiftB012ViewModifierAaeFP05_makeN4List8modifier6inputs4bodyAE
_$s8SharedUI11FirstAppear33_B3B9064C2E82BCBB47DE609EFB1FCBC4LLV05SwiftB012ViewModifierAA4BodyAeFP_AE0N0PWT
_$s7SwiftUI15ModifiedContentVyAA014_ViewModifier_D0Vy06SharedB011FirstAppear33_B3B9064C2E82BCBB47DE609EFB1FCBC4LLVGAA017_Appear
_$s7SwiftUI21_ViewModifier_ContentVy06SharedB011FirstAppear33_B3B9064C2E82BCBB47DE609EFB1FCBC4LLVGACyxGAA0C0AAWl
_$s12BingoHistory0B5StateOwst
_$s12BingoHistory0B5StateOwet
_$s12BingoHistory0aB4ViewVwca
_$s12BingoHistory0aB9ViewModelC7Combine16ObservableObjectAadEP16objectWillChange0giJ9PublisherQzvgTW
_$s12BingoHistory0B5StateOwcp
_$s12BingoHistory0B5StateOwCP
_$s12BingoHistory0B5StateOWOy
_$s12BingoHistory0B5StateOwxx
_$s12BingoHistory0B5StateOWOe
_$s12CommonModels17EditBingoOpenTypeOwet
_$s12CommonModels17EditBingoOpenTypeOwst
_$s12BingoHistory0aB4ViewV7SwiftUI0C0AadEP4body4BodyQzvgTW
_$s12BingoHistory0aB4ViewV4bodyQrvg
_$s12BingoHistory0aB4ViewV4bodyQrvg7SwiftUI05TupleC0VyAA17AveNavigationLinkVy12CommonModels04EditA8OpenTypeOG_AIyAJ04PlayanO0OG
_$s12BingoHistory0aB4ViewVWOcTm
_$s12BingoHistory0aB4ViewVWObTm
_$s12CommonModels17EditBingoOpenTypeOSgWObTm
_$s8SharedUI7AveFontO9headline105SwiftB00D0Vvau
_$s8SharedUI7AveFontO9headline1_WZ
_$s8SharedUI7AveFontO9headline1_WZTm
_$s8SharedUI8AveColorO7content05SwiftB00D0Vvau
_$s8SharedUI8AveColorO7content_WZ
_$s8SharedUI8AveColorO7content_WZTm
_$s7SwiftUI4ViewP06SharedB0E13onFirstAppearyQryycF
_$s8SharedUI11FirstAppear33_B3B9064C2E82BCBB47DE609EFB1FCBC4LLVwcp
__swift_memcpy32_8
_$s7SwiftUI19_ConditionalContentVyAA4ViewP06SharedB0E13onFirstAppearyQryycFQOyAA6VStackVyAA05TupleE0VyAA6SpacerV_AA08ProgressE0
_$s7SwiftUI19_ConditionalContentVyAA6VStackVyAA9TupleViewVyAA6SpacerV_12BingoHistory05EmptyjG0VAItGGAJ05SwipeG5GroupVyAA0G0PAAE
_$s8SharedUI11FirstAppear33_B3B9064C2E82BCBB47DE609EFB1FCBC4LLVwxx
_$s12BingoHistory17AveNavigationLinkVwcp
_$s12CommonModels17EditBingoOpenTypeOSgWOy
_$s12BingoHistory17AveNavigationLinkVwxx
_$s12CommonModels17EditBingoOpenTypeOSgWOe
_$s7SwiftUI4ViewPAAE5frame8minWidth05idealF003maxF00E6Height0gI00hI09alignmentQr12CoreGraphics7CGFloatVSg_A5oA9AlignmentVtFAA6V
_$sSo22UINavigationControllerC8AveBingoE11viewDidLoadyyFTo
_$s12BingoHistory17AveNavigationLinkVyxG7SwiftUI4ViewAaeFP05_makeH4List4view6inputsAE01_hJ7OutputsVAE11_GraphValueVyxG_AE01_hJ6
_$s12BingoHistory17AveNavigationLinkVyxG7SwiftUI4ViewAA4BodyAeFP_AHWT
_$s7SwiftUI14NavigationLinkVyAA9EmptyViewVAA03AnyF0VSgGACyxq_GAA0F0AAWl
_$s8SharedUI14PopupErrorViewV05SwiftB00E0AadEP05_makeE4List4view6inputsAD01_eH7OutputsVAD11_GraphValueVyxG_AD01_eH6InputsVtFZTW
_$s8SharedUI14PopupErrorViewV05SwiftB00E0AA4BodyAdEP_AGWT
_$s7SwiftUI15ModifiedContentVyAA5GroupVyACyACyACyACyACyAA6HStackVyAA9TupleViewVyAA5ImageV_ACyACyAA4TextVAA24_ForegroundStyleMod
_$s7SwiftUI5GroupVyAA15ModifiedContentVyAEyAEyAEyAEyAA6HStackVyAA9TupleViewVyAA5ImageV_AEyAEyAA4TextVAA24_ForegroundStyleModifi
_$s7SwiftUI15ModifiedContentVyACyACyACyACyAA6HStackVyAA9TupleViewVyAA5ImageV_ACyACyAA4TextVAA24_ForegroundStyleModifierVyAA5Col
_$s7SwiftUI15ModifiedContentVyACyACyACyAA6HStackVyAA9TupleViewVyAA5ImageV_ACyACyAA4TextVAA24_ForegroundStyleModifierVyAA5ColorV
_$s7SwiftUI15ModifiedContentVyACyAA6HStackVyAA9TupleViewVyAA5ImageV_ACyACyAA4TextVAA24_ForegroundStyleModifierVyAA5ColorVGGAA02
_$s7SwiftUI15ModifiedContentVyAA6HStackVyAA9TupleViewVyAA5ImageV_ACyACyAA4TextVAA24_ForegroundStyleModifierVyAA5ColorVGGAA022_E
_$s7SwiftUI6HStackVyAA9TupleViewVyAA5ImageV_AA15ModifiedContentVyAIyAA4TextVAA24_ForegroundStyleModifierVyAA5ColorVGGAA022_Envi
_$s12BingoHistory17AveNavigationLinkVyxG7SwiftUI4ViewAaeFP4body4BodyQzvgTW
_$s12BingoHistory17AveNavigationLinkV4bodyQrvg
_$s12BingoHistory17AveNavigationLinkV4bodyQrvgSbycfU_TA
_$s12BingoHistory17AveNavigationLinkV4bodyQrvgSbycfU_
_$s12BingoHistory17AveNavigationLinkV4itemxSgvg
_$s12BingoHistory17AveNavigationLinkV4bodyQrvg7SwiftUI7AnyViewVSgyXEfU1_
_$s7SwiftUI7AnyViewVSgxSgAA0D0A2aFRzlWl
_$s12BingoHistory17AveNavigationLinkV4bodyQrvg7SwiftUI9EmptyViewVyXEfU2_
_$s8SharedUI11FirstAppear33_B3B9064C2E82BCBB47DE609EFB1FCBC4LLVwca
_$s8SharedUI14PopupErrorViewVwst
_$s12BingoHistory0aB4ViewV4bodyQrvg7SwiftUI14GeometryReaderVyAE0C0PAEE5frame8minWidth05idealK003maxK00J6Height0lN00mN09alignmen
_$s12BingoHistory0aB9ViewModelC16bingoActionErrorSbvpACTK
_$s7SwiftUI15ModifiedContentVy06SharedB09AveButtonVAA14_PaddingLayoutVGSgWOy
_$s7SwiftUI15ModifiedContentVy06SharedB09AveButtonVAA14_PaddingLayoutVGSgWOe
_$s7SwiftUI6VStackVyAA9TupleViewVyAA6SpacerV_AA15ModifiedContentVy06SharedB0010PopupErrorE0VAA14_PaddingLayoutVGAIyAJ9AveButton
_$s8SharedUI14PopupErrorViewVwet
_$s8SharedUI14PopupErrorViewVwcp
_$s8SharedUI14PopupErrorViewVwCPTm
_$s8SharedUI9AveButtonVwet
_$s8SharedUI14PopupErrorViewVwxx
_$s8SharedUI14PopupErrorViewV05SwiftB00E0AadEP4body4BodyQzvgTW
_$s8SharedUI14PopupErrorViewV4bodyQrvg05SwiftB00E0PAEE8onAppear7performQryycSg_tFQOyAgEE10background9alignment7contentQrAE9Alig
_$s8SharedUI11FirstAppear33_B3B9064C2E82BCBB47DE609EFB1FCBC4LLV05SwiftB012ViewModifierAaeFP4body7content4BodyQzAE01_nO8_Content
_$s8SharedUI11FirstAppear33_B3B9064C2E82BCBB47DE609EFB1FCBC4LLV4body7contentQr05SwiftB021_ViewModifier_ContentVyADG_tFyycfU_TA
_$s8SharedUI11FirstAppear33_B3B9064C2E82BCBB47DE609EFB1FCBC4LLV4body7contentQr05SwiftB021_ViewModifier_ContentVyADG_tFyycfU_
_$s12BingoHistory0aB4ViewV4bodyQrvgyycfU1_TA
_$s12BingoHistory0aB4ViewV4bodyQrvgyycfU1_TATm
_$s12BingoHistory0aB4ViewV4bodyQrvgyycfU1_
_$s12BingoHistory0aB4ViewV4bodyQrvgyycfU1_yyYaYbcfU_TA
_$s12BingoHistory0aB4ViewV4bodyQrvgyycfU1_yyYaYbcfU_
_$s9Analytics22StartupMetricsProviderC04sendC033_7C39AE792410BF49E50545DD6C3EBEFALLyyF
_$s8Dispatch0A12TimeIntervalO9AnalyticsE12milliseconds33_7C39AE792410BF49E50545DD6C3EBEFALLSivg
_$s8Mixpanel0A8InstanceC26applicationDidBecomeActive33_0CB45E1C8B4A4433813A640264188496LLyy10Foundation12NotificationVFTo
_$s8Mixpanel5FlushC05startB5TimeryyFyyScMYccfU_TA
_$s8Mixpanel5FlushC05startB5TimeryyFyyScMYccfU_
_$s8Mixpanel5FlushC13flushIntervalSdvgSdyXEfU_TA
_$s8Mixpanel5FlushC13flushIntervalSdvgSdyXEfU_TA.8
block_destroy_helper.6
_$s12BingoHistory0aB4ViewV4bodyQrvgyycfU1_yyYaYbcfU_TY0_
_$s12BingoHistory0aB9ViewModelC6reloadyyYaF
_$s12BingoHistory0aB9ViewModelC6reloadyyYaFTY0_
_$s12BingoHistory0B5StateOwca
_$s12BingoHistory0aB9ViewModelC6reloadyyYaFyyYaYbcfU_TA
_$s12BingoHistory0aB9ViewModelC6reloadyyYaFyyYaYbcfU_
_$s12BingoHistory0aB9ViewModelC6reloadyyYaFyyYaYbcfU_TY0_
_$s13BingoServices0A7ServiceC03getA7HistorySay12CommonModels0A5ModelVGyYaKF
_$s13BingoServices0A7ServiceC03getA7HistorySay12CommonModels0A5ModelVGyYaKFTY0_
_$s13NetworkClientAAC7session9Alamofire7SessionCvg
_$s13NetworkClientAAC7session9Alamofire7SessionCvgAFyXEfU_
_$s9Alamofire22DisabledTrustEvaluatorCMa
_$sSD17dictionaryLiteralSDyxq_Gx_q_td_tcfCSS_9Alamofire21ServerTrustEvaluating_pTgm5Tf4g_n
_$s9Alamofire18ServerTrustManagerCMa
_$s9Alamofire7SessionCMa
_$s13NetworkClient18RequestInterceptorCMa
_$sSo25NSURLSessionConfigurationCMaTm
_$s9Alamofire0A9ExtensionVAASo25NSURLSessionConfigurationCRbzlE7defaultAEvgZ
_$s9Alamofire0A9ExtensionVAASo25NSURLSessionConfigurationCRbzlE7defaultAEvgZTm
_$s9Alamofire11HTTPHeadersV7default_WZ
_$s9Alamofire10HTTPHeaderVMa
_$s9Alamofire10HTTPHeaderV21defaultAcceptEncoding_WZ
_$s9Alamofire10HTTPHeaderV21defaultAcceptEncodingACvpZfiACyXEfU_
_$sSTsE3mapySayqd__Gqd__7ElementQzKXEKlFs18EnumeratedSequenceVySaySSGG_SSTg5081$sSiS2Ss5Error_pIgygozo_Si6offset_SS7elementtSSs
_$sSaySSGSayxGSKsWlTm
_$s9Alamofire10HTTPHeaderV21defaultAcceptLanguage_WZ
_$sSTsE3mapySayqd__Gqd__7ElementQzKXEKlFs18EnumeratedSequenceVys10ArraySliceVySSGG_SSTg5081$sSiS2Ss5Error_pIgygozo_Si6offset_SS
_$s9Alamofire10HTTPHeaderV16defaultUserAgent_WZ
_$s9Alamofire10HTTPHeaderV16defaultUserAgentACvpZfiACyXEfU_
_$s9Alamofire10HTTPHeaderV16defaultUserAgentACvpZfiACyXEfU_SSyXEfU_
_$ss12_ArrayBufferV20_consumeAndCreateNew14bufferIsUnique15minimumCapacity13growForAppendAByxGSb_SiSbtF9Alamofire10HTTPHeaderV_
_$s9Alamofire10HTTPHeaderVwxx
_$s9Alamofire11HTTPHeadersV10dictionarySDyS2SGvg
_$ss15ContiguousArrayV16_createNewBuffer14bufferIsUnique15minimumCapacity13growForAppendySb_SiSbtFSS_SSt_Tg5
_$ss22_ContiguousArrayBufferV20_consumeAndCreateNew14bufferIsUnique15minimumCapacity13growForAppendAByxGSb_SiSbtFSS_SSt_Tg5
_$ss17_NativeDictionaryV5merge_8isUnique16uniquingKeysWithyqd__n_Sbq_q__q_tKXEtKSTRd__x_q_t7ElementRtd__lFSS_SSSaySS_SStGTg5047
_$ss17_dictionaryUpCastySDyq0_q1_GSDyxq_GSHRzSHR0_r2_lFSS_SSs11AnyHashableVypTg5
_$sSD8IteratorV8_VariantOyxq___GSHRzr0_lWOe
_$s9Alamofire7SessionC13configuration8delegate9rootQueue24startRequestsImmediately07requestF0013serializationF011interceptor18s
_$sSaySo17OS_dispatch_queueC8DispatchE10AttributesVGSayxGSTsWlTm
_$s9Alamofire18RequestInterceptor_pSgWOcTm
_$s9Alamofire7SessionC7session8delegate9rootQueue24startRequestsImmediately07requestF0013serializationF011interceptor18serverTr
_$s9Alamofire0A13NotificationsCMa
_$sSD17dictionaryLiteralSDyxq_Gx_q_td_tcfCSo16NSURLSessionTaskC_9Alamofire7RequestCTgm5Tf4g_n
_$sSD17dictionaryLiteralSDyxq_Gx_q_td_tcfC9Alamofire7RequestC_So16NSURLSessionTaskCTgm5Tf4g_n
_$sSD17dictionaryLiteralSDyxq_Gx_q_td_tcfCSo16NSURLSessionTaskC_Sb9completed_Sb15metricsGatheredtTgm5Tf4g_n
_$sSD17dictionaryLiteralSDyxq_Gx_q_td_tcfCSo16NSURLSessionTaskC_yycTgm5Tf4g_n
_$sSa6append10contentsOfyqd__n_t7ElementQyd__RszSTRd__lF9Alamofire12EventMonitor_p_SayAeF_pGTg5
_$sSa6append10contentsOfyqd__n_t7ElementQyd__RszSTRd__lF9Alamofire12EventMonitor_p_SayAeF_pGTg5Tm
_$ss12_ArrayBufferV20_consumeAndCreateNew14bufferIsUnique15minimumCapacity13growForAppendAByxGSb_SiSbtF9Alamofire12EventMonitor
_$s9Alamofire21CompositeEventMonitorCMa
_$s9Alamofire21CompositeEventMonitorC8monitorsACSayAA0cD0_pG_tcfc
_$s9Alamofire13UploadRequestC10UploadableOSgWOdTm
_$s9Alamofire21CachedResponseHandler_pSgWOhTm
_$s11NetworkCore0A9ConstantsO14apiBaseAddressSSvau
_$s9Alamofire10HTTPMethodV3getACvau
_$s9Alamofire10HTTPMethodV3get_WZ
_$s9Alamofire7SessionC7request_6method10parameters8encoding7headers11interceptor0C8ModifierAA11DataRequestCAA14URLConvertible_p
_$s9Alamofire14URLConvertible_pWOcTm
_$s9Alamofire11URLEncodingVwCP
_$s9Alamofire7SessionC18RequestConvertibleVWOc
_$s9Alamofire7SessionC18RequestConvertibleVwcp
_$s10Foundation10URLRequestVs5Error_pIeglzo_SgWOy
_$s9Alamofire7SessionC7request_11interceptorAA11DataRequestCAA21URLRequestConvertible_p_AA0F11Interceptor_pSgtF
_$s9Alamofire7SessionC18RequestConvertibleVwCP
_$s9Alamofire11DataRequestCMa
_$s9Alamofire11DataRequestCMr
_$s9Alamofire7RequestCMa
_$s9Alamofire7RequestC12MutableStateVMaTm
_$s9Alamofire7RequestCMr
__swift_mutable_project_boxed_opaque_existential_1
_$s9Alamofire11DataRequestC2id11convertible15underlyingQueue013serializationG012eventMonitor11interceptor8delegateAC10Foundatio
__swift_allocate_boxed_opaque_existential_1
__swift_memcpy128_8
_$s9Alamofire11DataRequestC0B12MutableState33_20DC6AC555317897356903E24C947C3DLLVMa
_$s9Alamofire9ProtectedCMa
_$s9Alamofire9ProtectedCMi
_$s9Alamofire9ProtectedCMr
_$s9Alamofire10UnfairLockCMa
_$s9Alamofire21URLRequestConvertible_pWOcTm
_$sSS10FoundationE8EncodingVSgWOcTm
_$s9Alamofire7RequestC12MutableStateVMa
_$s9Alamofire7RequestC12MutableStateVMr
_$s9Alamofire7AFErrorOSgMa
_$s9Alamofire7AFErrorOMa
_$s9Alamofire7AFErrorOMaTm
_$s9Alamofire7AFErrorOMr
_$s9Alamofire7AFErrorO30MultipartEncodingFailureReasonOMa
_$s9Alamofire7AFErrorO30MultipartEncodingFailureReasonOMr
_$s9Alamofire7AFErrorO31ResponseValidationFailureReasonOMa
_$s9Alamofire7AFErrorO31ResponseValidationFailureReasonOMr
_$s9Alamofire7AFErrorO34ResponseSerializationFailureReasonOMa
_$s9Alamofire7AFErrorO34ResponseSerializationFailureReasonOMr
_$s9Alamofire7RequestC12MutableStateVAEycfC
_$sSo17OS_dispatch_queueC0C0_So17NSHTTPURLResponseC9Alamofire7RequestC19ResponseDispositionOIegy_Ieggg_7handlertWOhTm
_$s9Alamofire7SessionC18RequestConvertibleVwxx
_$s9Alamofire7SessionC7performyyAA7RequestCF
_$s9Alamofire7SessionC18RequestConvertibleVWOh
_$sIegh_IeyBh_TR
_$s9Alamofire7SessionC7performyyAA7RequestCFyyYbcfU_TA
_$s9Alamofire7SessionC7performyyAA7RequestCFyyYbcfU_
_$s9Alamofire18RequestInterceptor_pSgWOhTm
_$sSh8_VariantV6insertySb8inserted_x17memberAfterInserttxnF9Alamofire7RequestC_Tg5
_$s11NetworkCore13BingoResponseVMa
_$sSay11NetworkCore13BingoResponseVGSayxGSesSeRzlWl
_$s11NetworkCore13BingoResponseVACSeAAWl
_$s9Alamofire11DataRequestC13NetworkClientE9decodablexyYaKSeRzlF
_$ss10_NativeSetV9insertNew_2at8isUniqueyxn_s10_HashTableV6BucketVSbtF9Alamofire7RequestC_Tg5
_$ss10_NativeSetV13copyAndResize8capacityySi_tF9Alamofire7RequestC_Tg5
_$s9Alamofire11DataRequestC13NetworkClientE9decodablexyYaKSeRzlFTY0_
_$s9Alamofire22DataResponseSerializerCMa
_$s9Alamofire18ResponseSerializerPAAE012defaultEmptyB5CodesShySiGvgZ
_$sSh21_nonEmptyArrayLiteralShyxGSayxG_tcfCSi_Tgm5Tf4g_n
_$s9Alamofire18ResponseSerializerPAAE26defaultEmptyRequestMethodsShyAA10HTTPMethodVGvgZ
_$s9Alamofire10HTTPMethodVMa
_$s9Alamofire10HTTPMethodV4head_WZ
_$sSh21_nonEmptyArrayLiteralShyxGSayxG_tcfC9Alamofire10HTTPMethodV_Tgm5Tf4g_n
_$s9Alamofire7RequestCSHAASQWb
_$s10Foundation4UUIDVACSHAAWlTm
objectdestroy.41Tm
_$s9Alamofire7SessionC7performyyAA7RequestCFyyYbcfU_yyYbcfU_TA
_$s9Alamofire7SessionC7performyyAA7RequestCFyyYbcfU_yyYbcfU_
_$s9Alamofire19RequestAdapterStateVMa
_$s9Alamofire19RequestAdapterStateVMr
_$s9Alamofire10HTTPMethodVSHAASQWb
_$s9Alamofire10HTTPMethodVACSQAAWl
_$s9Alamofire7SessionC18RequestConvertibleVAA010URLRequestD0A2aFP02asE010Foundation0E0VyKFTW
_$s9Alamofire10HTTPMethodVwxx
_$s9Alamofire11DataRequestC011serializingB023automaticallyCancelling16dataPreprocessor18emptyResponseCodes0iC7MethodsAA0B4TaskV
_$s9Alamofire7SessionC18RequestConvertibleV12asURLRequest10Foundation0F0VyKF
_$s10Foundation10URLRequestV9AlamofireE3url6method7headersAcD14URLConvertible_p_AD10HTTPMethodVAD11HTTPHeadersVSgtKcfC
_$s9Alamofire11DataDecoder_pWOb
_$sSS9Alamofire14URLConvertibleA2aBP5asURL10Foundation0D0VyKFTW
_$sSo25NSURLSessionWebSocketTaskC10FoundationE7MessageOSgWOhTm
_$sSS9AlamofireE5asURL10Foundation0C0VyKF
_$s9Alamofire12DataResponseVMa
_$s9Alamofire12DataResponseVMi
_$s9Alamofire12DataResponseVMr
_$s9Alamofire8DataTaskV5valuexvg10Foundation0B0V_Tg5
_$s12BingoHistory17AveNavigationLinkVwca
_$sxIeghHr_xs5Error_pIegHrzo_s8SendableRzs5NeverORs_r0_lTR9Alamofire12DataResponseVy10Foundation0E0VAE7AFErrorOG_Tg5TA
_$sxIeghHr_xs5Error_pIegHrzo_s8SendableRzs5NeverORs_r0_lTR9Alamofire12DataResponseVy10Foundation0E0VAE7AFErrorOG_Tg5
_$s9Alamofire8DataTaskV5valuexvg10Foundation0B0V_Tg5TY0_
_$s9Alamofire8DataTaskV8responseAA0B8ResponseVyxAA7AFErrorOGvg
_$s9Alamofire8DataTaskV8responseAA0B8ResponseVyxAA7AFErrorOGvgTY0_
_$ss27withTaskCancellationHandler9operation8onCancelxxyYaKXE_yyYbXEtYaKlFTwb
_$s9Alamofire8DataTaskV8responseAA0B8ResponseVyxAA7AFErrorOGvgAIyYaXEfU_TA
_$s9Alamofire8DataTaskV8responseAA0B8ResponseVyxAA7AFErrorOGvgAIyYaXEfU_TY0_
_$s8SharedUI14PopupErrorViewVwca
_$s9Alamofire9ProtectedC5writeyqd__qd__xzKXEKlFAA7RequestC12MutableStateV_ytTg5013$s9Alamofire7d38C24appendResponseSerializeryy
_$s9Alamofire7RequestC24appendResponseSerializeryyyycFyAC12MutableStateVzXEfU_
_$ss12_ArrayBufferV20_consumeAndCreateNew14bufferIsUnique15minimumCapacity13growForAppendAByxGSb_SiSbtFyyc_Tg5Tm
block_copy_helper.173
_$s9Alamofire11URLEncodingVAA17ParameterEncodingA2aDP6encode_4with10Foundation10URLRequestVAA0H11Convertible_p_SDySSypGSgtKFTW
_$s9Alamofire11URLEncodingV6encode_4with10Foundation10URLRequestVAA0F11Convertible_p_SDySSypGSgtKF
_$s10Foundation10URLRequestV9Alamofire0B11ConvertibleA2dEP02asB0ACyKFTW
_$s10Foundation10URLRequestV9AlamofireE8validateyyKF
block_copy_helper.79
_$s9Alamofire7SessionC7adapter3forAA14RequestAdapter_pSgAA0E0C_tF
_$s9Alamofire14RequestAdapter_pWOb
_$s13NetworkClient18RequestInterceptorC9Alamofire0C7AdapterAadEP5adapt_5using10completiony10Foundation10URLRequestV_AD0cF5State
_$s13NetworkClient18RequestInterceptorC5adapt_3for10completiony10Foundation10URLRequestV_9Alamofire7SessionCys6ResultOyAIs5Erro
_$s12TokenStorage0A6LoaderC06loadedA0SSvg
_$s12TokenStorage06SecureB0C03getA0SSSgyF
_$sSD17dictionaryLiteralSDyxq_Gx_q_td_tcfCSo11CFStringRefa_ypTgm5Tf4g_n
_$sSo11CFStringRefaMa
_$sSo11CFStringRefaMaTm
_$ss17_NativeDictionaryV12mutatingFind_8isUniques10_HashTableV6BucketV6bucket_Sb5foundtx_SbtFSo11CFStringRefa_ypTg5
_$ss22__RawDictionaryStorageC4findys10_HashTableV6BucketV6bucket_Sb5foundtxSHRzlFSo11CFStringRefa_Tg5
_$sSo11CFStringRefaABSHSCWlTm
_$sSo11CFStringRefa14CoreFoundation9_CFObjectSCSHWb
_$sSo11CFStringRefaSHSCSQWb
_$sSo11CFStringRefaSHSCSH9hashValueSivgTW
_$ss22__RawDictionaryStorageC4find_9hashValues10_HashTableV6BucketV6bucket_Sb5foundtx_SitSHRzlFSo11CFStringRefa_Tg5
_$ss17_NativeDictionaryV20_copyOrMoveAndResize8capacity12moveElementsySi_SbtFSo11CFStringRefa_ypTg5
_$ss17_NativeDictionaryV7_insert2at3key5valueys10_HashTableV6BucketV_xnq_ntFSo11CFStringRefa_ypTg5
_$s12TokenStorage06SecureB0C8findItem5querySDySo11CFStringRefaypGSgAH_tKFTf4nd_n
_$sSo12CFBooleanRefaMa
_$ss17_NativeDictionaryV4copyyyFSo11CFStringRefa_ypTg5
_$sSo11CFStringRefaABSHSCWl
_$sSo11CFStringRefaSHSCSH13_rawHashValue4seedS2i_tFTW
_$sSo11CFStringRefaSQSCSQ2eeoiySbx_xtFZTW
_$s10Foundation4DataV15_RepresentationOWOe
_$s9Alamofire13UploadRequestC10UploadableOWOhTm
_$s9Alamofire19RequestAdapterStateVwxx
objectdestroy.89Tm
_$s9Alamofire7RequestC24appendResponseSerializeryyyycFyAC12MutableStateVzXEfU_yyYbcfU0_TA
_$s9Alamofire7RequestC24appendResponseSerializeryyyycFyAC12MutableStateVzXEfU_yyYbcfU0_
_$s9Alamofire7SessionCAA15RequestDelegateA2aDP16startImmediatelySbvgTW
_$s9Alamofire9ProtectedC5writeyqd__qd__xzKXEKlFAA7RequestC12MutableStateV_ytTg5013$s9Alamofire7d19C6resumeACXDyFyAC12eF7VzXEfU_
_$s9Alamofire7RequestC6resumeACXDyFyAC12MutableStateVzXEfU_
block_copy_helper.131
block_destroy_helper.174
_$s9Alamofire7RequestC26didCreateInitialURLRequestyy10Foundation0F0VF
_$s9Alamofire9ProtectedC5writeyqd__qd__xzKXEKlFAA7RequestC12MutableStateV_ytTg5
_$s9Alamofire7RequestC26didCreateInitialURLRequestyy10Foundation0F0VFyAC12MutableStateVzXEfU_TA
_$s9Alamofire7RequestC26didCreateInitialURLRequestyy10Foundation0F0VFyAC12MutableStateVzXEfU_Tm
_$ss12_ArrayBufferV20_consumeAndCreateNew14bufferIsUnique15minimumCapacity13growForAppendAByxGSb_SiSbtF10Foundation10URLRequest
_$s9Alamofire15RedirectHandler_pSgWOcTm
_$s9Alamofire21CompositeEventMonitorCAA0cD0A2aDP7request_26didCreateInitialURLRequestyAA7RequestC_10Foundation0I0VtFTW
_$s9Alamofire21CompositeEventMonitorCAA0cD0A2aDP7request_26didCreateInitialURLRequestyAA7RequestC_10Foundation0I0VtFTWTm
_$s9Alamofire21CompositeEventMonitorC07performC0yyyAA0cD0_pcF
block_destroy_helper.80
objectdestroy.77Tm
_$s9Alamofire7RequestC015didAdaptInitialB0_2toy10Foundation10URLRequestV_AHtF
_$s9Alamofire7RequestC015didAdaptInitialB0_2toy10Foundation10URLRequestV_AHtFyAC12MutableStateVzXEfU_TA
_$s9Alamofire21CompositeEventMonitorC07performC0yyyAA0cD0_pcFyyYbcfU_TA
_$s9Alamofire21CompositeEventMonitorC07performC0yyyAA0cD0_pcFyyYbcfU_
_$s9Alamofire12EventMonitor_pWOc
_$s9Alamofire12EventMonitor_pWOb
_$s9Alamofire21CompositeEventMonitorCAA0cD0A2aDP7request_22didAdaptInitialRequest2toyAA0I0C_10Foundation10URLRequestVAMtFTW
_$s9Alamofire0A13NotificationsCAA12EventMonitorA2aDP5queueSo012OS_dispatch_E0CvgTW
block_copy_helper.270
_$s9Alamofire7SessionC19didCreateURLRequest_3fory10Foundation0E0V_AA7RequestCtF
_$s9Alamofire7RequestC19didCreateURLRequestyy10Foundation0E0VF
_$s9Alamofire7RequestC12MutableStateVWOcTm
_$s9Alamofire21CompositeEventMonitorC07performC0yyyAA0cD0_pcFyyYbcfU_yyYbcfU_TA
_$s9Alamofire21CompositeEventMonitorC7request_26didCreateInitialURLRequestyAA7RequestC_10Foundation0I0VtFyAA0cD0_pcfU_TA.207
_$s9Alamofire7RequestC12MutableStateVwcp
_$s9Alamofire21CompositeEventMonitorC7request_26didCreateInitialURLRequestyAA7RequestC_10Foundation0I0VtFyAA0cD0_pcfU_TATm
_$s9Alamofire0A13NotificationsCAA12EventMonitorA2aDP7request_26didCreateInitialURLRequestyAA7RequestC_10Foundation0I0VtFTW
block_destroy_helper.271
_$s9Alamofire7RequestC19didCreateURLRequestyy10Foundation0E0VFytSgAC12MutableStateVXEfU_
_$s9Alamofire21CompositeEventMonitorC7request_22didAdaptInitialRequest2toyAA0I0C_10Foundation10URLRequestVAKtFyAA0cD0_pcfU_TA.1
_$s9Alamofire21CompositeEventMonitorC7request_22didAdaptInitialRequest2toyAA0I0C_10Foundation10URLRequestVAKtFyAA0cD0_pcfU_TATm
_$s9Alamofire0A13NotificationsCAA12EventMonitorA2aDP7request_22didAdaptInitialRequest2toyAA0I0C_10Foundation10URLRequestVAMtFTW
_$s9Alamofire7RequestC12MutableStateVWOhTm
_$s9Alamofire7RequestC12MutableStateVwxx
_$s9Alamofire21CompositeEventMonitorCAA0cD0A2aDP7request_19didCreateURLRequestyAA7RequestC_10Foundation0H0VtFTW
_$s9Alamofire9ProtectedC5writeyqd__qd__xzKXEKlFAA7RequestC12MutableStateV_ytTg5013$s9Alamofire7d74C26callCURLHandlerIfNecessary
_$s9Alamofire7RequestC26callCURLHandlerIfNecessary33_118BC03984F32CCF649653E95C325F63LLyyFyAC12MutableStateVzXEfU_
_$s9Alamofire11DataRequestC4task3for5usingSo16NSURLSessionTaskC10Foundation10URLRequestV_So0G0CtF
_$s9Alamofire21CompositeEventMonitorC7request_19didCreateURLRequestyAA7RequestC_10Foundation0H0VtFyAA0cD0_pcfU_TA.191
_$s9Alamofire21CompositeEventMonitorC7request_19didCreateURLRequestyAA7RequestC_10Foundation0H0VtFyAA0cD0_pcfU_TATm
_$s9Alamofire0A13NotificationsCAA12EventMonitorA2aDP7request_19didCreateURLRequestyAA7RequestC_10Foundation0H0VtFTW
_$sSD8_VariantV8setValue_6forKeyyq_n_xtF9Alamofire7RequestC_So16NSURLSessionTaskCTg5
_$ss17_NativeDictionaryV12mutatingFind_8isUniques10_HashTableV6BucketV6bucket_Sb5foundtx_SbtF9Alamofire7RequestC_So16NSURLSessi
_$ss22__RawDictionaryStorageC4findys10_HashTableV6BucketV6bucket_Sb5foundtxSHRzlF9Alamofire7RequestC_Tg5
_$s10Foundation8URLErrorVAcA21_BridgedStoredNSErrorAAWlTm
_$ss22__RawDictionaryStorageC4find_9hashValues10_HashTableV6BucketV6bucket_Sb5foundtx_SitSHRzlF9Alamofire7RequestC_Tg5
_$ss17_NativeDictionaryV20_copyOrMoveAndResize8capacity12moveElementsySi_SbtF9Alamofire7RequestC_So16NSURLSessionTaskCTg5
_$sSD8_VariantV8setValue_6forKeyyq_n_xtFSo16NSURLSessionTaskC_9Alamofire7RequestCTg5
_$ss17_NativeDictionaryV12mutatingFind_8isUniques10_HashTableV6BucketV6bucket_Sb5foundtx_SbtFSo16NSURLSessionTaskC_Sb9completed
_$ss22__RawDictionaryStorageC4findys10_HashTableV6BucketV6bucket_Sb5foundtxSHRzlFSo16NSURLSessionTaskC_Tg5
_$ss22__RawDictionaryStorageC4find_9hashValues10_HashTableV6BucketV6bucket_Sb5foundtx_SitSHRzlFSo16NSURLSessionTaskC_Tg5
_$ss17_NativeDictionaryV20_copyOrMoveAndResize8capacity12moveElementsySi_SbtFSo16NSURLSessionTaskC_9Alamofire7RequestCTg5
_$sSD8_VariantV8setValue_6forKeyyq_n_xtFSo16NSURLSessionTaskC_Sb9completed_Sb15metricsGatheredtTg5
_$ss17_NativeDictionaryV20_copyOrMoveAndResize8capacity12moveElementsySi_SbtFSo16NSURLSessionTaskC_Sb9completed_Sb15metricsGath
_$ss17_NativeDictionaryV7_insert2at3key5valueys10_HashTableV6BucketV_xnq_ntFSo16NSURLSessionTaskC_Sb9completed_Sb15metricsGathe
_$s9Alamofire7RequestC13didCreateTaskyySo012NSURLSessionE0CF
_$s9Alamofire9ProtectedC5writeyqd__qd__xzKXEKlFAA7RequestC12MutableStateV_ytTg5013$s9Alamofire7d44C13didCreateTaskyySo012NSURLS
_$s9Alamofire7RequestC13didCreateTaskyySo012NSURLSessionE0CFyAC12MutableStateVzXEfU_
_$sSa034_makeUniqueAndReserveCapacityIfNotB0yyFSo16NSURLSessionTaskC_Tg5
_$sSa034_makeUniqueAndReserveCapacityIfNotB0yyFSo16NSURLSessionTaskC_Tg5Tm
_$ss12_ArrayBufferV20_consumeAndCreateNew14bufferIsUnique15minimumCapacity13growForAppendAByxGSb_SiSbtFSo16NSURLSessionTaskC_Tg
_$ss22_ContiguousArrayBufferV19_uninitializedCount15minimumCapacityAByxGSi_SitcfCSo16NSURLSessionTaskC_Tgm5
_$ss22_ContiguousArrayBufferV19_uninitializedCount15minimumCapacityAByxGSi_SitcfCSo16NSURLSessionTaskC_Tgm5Tm
_$ss29getContiguousArrayStorageType3fors01_bcD0CyxGmxm_tlFSo16NSURLSessionTaskC_Tgm5
_$sSo16NSURLSessionTaskCMaTm
_$ss12_ArrayBufferV13_copyContents8subRange12initializingSpyxGSnySiG_AFtFSo16NSURLSessionTaskC_Tg5Tm
_$sSo12NSHTTPCookieCMaTm
_$s9Alamofire21CompositeEventMonitorCAA0cD0A2aDP7request_13didCreateTaskyAA7RequestC_So012NSURLSessionH0CtFTW
_$s9Alamofire21CompositeEventMonitorCAA0cD0A2aDP7request_13didCreateTaskyAA7RequestC_So012NSURLSessionH0CtFTWTm
_$s9Alamofire7SessionC19updateStatesForTask_7requestySo012NSURLSessionF0C_AA7RequestCtF
_$s9Alamofire7SessionC19updateStatesForTask_7requestySo012NSURLSessionF0C_AA7RequestCtFyAI5StateOXEfU_
_$s9Alamofire21CompositeEventMonitorC7request_13didCreateTaskyAA7RequestC_So012NSURLSessionH0CtFyAA0cD0_pcfU_TA.187
_$s9Alamofire21CompositeEventMonitorC7request_13didCreateTaskyAA7RequestC_So012NSURLSessionH0CtFyAA0cD0_pcfU_TATm
_$s9Alamofire0A13NotificationsCAA12EventMonitorA2aDP7request_13didCreateTaskyAA7RequestC_So012NSURLSessionH0CtFTW
objectdestroy.83Tm
_$s9Alamofire7RequestC6resumeACXDyFyAC12MutableStateVzXEfU_yyYbcfU_TA
_$s9Alamofire7RequestC9didResumeyyF
_$s9Alamofire21CompositeEventMonitorCAA0cD0A2aDP16requestDidResumeyyAA7RequestCFTW
_$s9Alamofire21CompositeEventMonitorCAA0cD0A2aDP17requestIsRetryingyyAA7RequestCFTWTm
block_destroy_helper.132
_$s9Alamofire7SessionC19updateStatesForTask_7requestySo012NSURLSessionF0C_AA7RequestCtFyAI5StateOXEfU_yyYbcfU_TA
_$s9Alamofire7SessionC19updateStatesForTask_7requestySo012NSURLSessionF0C_AA7RequestCtFyAI5StateOXEfU_yyYbcfU1_TATm
_$s9Alamofire7RequestC13didResumeTaskyySo012NSURLSessionE0CF
_$s9Alamofire21CompositeEventMonitorCAA0cD0A2aDP7request_13didResumeTaskyAA7RequestC_So012NSURLSessionH0CtFTW
objectdestroy.47Tm
_$s9Alamofire21CompositeEventMonitorC16requestDidResumeyyAA7RequestCFyAA0cD0_pcfU_TA.169
_$s9Alamofire21CompositeEventMonitorC16requestDidResumeyyAA7RequestCFyAA0cD0_pcfU_TATm
_$s9Alamofire0A13NotificationsCAA12EventMonitorA2aDP16requestDidResumeyyAA7RequestCFTW
_$s9Alamofire0A13NotificationsCAA12EventMonitorA2aDP16requestDidFinishyyAA7RequestCFTWTm
_$s9Alamofire7RequestC21didResumeNotification_WZ
_$s10Foundation12NotificationV9AlamofireE4name7requestACSo18NSNotificationNamea_AD7RequestCtcfC
_$sSD17dictionaryLiteralSDyxq_Gx_q_td_tcfCs11AnyHashableV_ypTgm5Tf4g_n
_$ss17CodingUserInfoKeyV_yptWOcTm
_$ss22__RawDictionaryStorageC4findys10_HashTableV6BucketV6bucket_Sb5foundtxSHRzlFs11AnyHashableV_Tg5
_$ss22__RawDictionaryStorageC4find_9hashValues10_HashTableV6BucketV6bucket_Sb5foundtx_SitSHRzlFs11AnyHashableV_Tg5
_$s9Alamofire21CompositeEventMonitorC7request_13didResumeTaskyAA7RequestC_So012NSURLSessionH0CtFyAA0cD0_pcfU_TA.168
_$s9Alamofire21CompositeEventMonitorC7request_13didResumeTaskyAA7RequestC_So012NSURLSessionH0CtFyAA0cD0_pcfU_TATm
_$s9Alamofire0A13NotificationsCAA12EventMonitorA2aDP7request_13didResumeTaskyAA7RequestC_So012NSURLSessionH0CtFTW
_$s9Alamofire0A13NotificationsCAA12EventMonitorA2aDP7request_13didResumeTaskyAA7RequestC_So012NSURLSessionH0CtFTWTm
_$s9Alamofire7RequestC25didResumeTaskNotification_WZ
_$sSo36NSURLSessionAuthChallengeDispositionVMa
_$sSo20NSJSONReadingOptionsVMaTm
_$s9Alamofire12EventMonitor_pSgWOcTm
_$s9Alamofire21CompositeEventMonitorCAA0cD0A2aDP10urlSession_4task10didReceiveySo12NSURLSessionC_So0J4TaskCSo28NSURLAuthenticat
_$s9Alamofire15SessionDelegateC32attemptServerTrustAuthentication4withSo36NSURLSessionAuthChallengeDispositionV11disposition_So
_$s9Alamofire7SessionCAA0B13StateProviderA2aDP18serverTrustManagerAA06ServerfG0CSgvgTW
_$s9Alamofire18ServerTrustManagerC06serverC9Evaluator7forHostAA0bC10Evaluating_pSgSS_tKF
_$s9Alamofire21ServerTrustEvaluating_pWOc
_$s9Alamofire21ServerTrustEvaluating_pWOb
_$s9Alamofire15RedirectHandler_pWOb
_$s9Alamofire22DisabledTrustEvaluatorCAA06ServerC10EvaluatingA2aDP8evaluate_7forHostySo03SecC3Refa_SStKFTW
_$s9Alamofire0A13NotificationsCAA12EventMonitorA2aDP10urlSession_4task10didReceiveySo12NSURLSessionC_So0J4TaskCSo28NSURLAuthent
_$s9Alamofire21CompositeEventMonitorCAA0cD0A2aDP10urlSession_8dataTask10didReceiveySo12NSURLSessionC_So0k4DataH0CSo13NSURLRespo
_$s9Alamofire7SessionCAA0B13StateProviderA2aDP7request3forAA7RequestCSgSo16NSURLSessionTaskC_tFTW
_$s9Alamofire7SessionC7request3forAA7RequestCSgSo16NSURLSessionTaskC_tF
_$sSDyq_SgxcigSo16NSURLSessionTaskC_9Alamofire7RequestCTg5
_$sSo16NSURLSessionTaskCMa
_$s9Alamofire11DataRequestC18didReceiveResponse_17completionHandlerySo17NSHTTPURLResponseC_ySo012NSURLSessionF11DispositionVctF
_$s9Alamofire0A13NotificationsCAA12EventMonitorA2aDP10urlSession_8dataTask10didReceiveySo12NSURLSessionC_So0k4DataH0CSo13NSURLR
_$s10Foundation4DataVSgWOy
_$sSo17OS_dispatch_queueC0C0_So17NSHTTPURLResponseC9Alamofire7RequestC19ResponseDispositionOIegy_Ieggg_7handlertSgWOy
block_copy_helper.19
_$s8Dispatch0A13WorkItemFlagsVACs10SetAlgebraAAWlTm
_$s10Foundation4DataVSgWOe
_$sSo17OS_dispatch_queueC0C0_So17NSHTTPURLResponseC9Alamofire7RequestC19ResponseDispositionOIegy_Ieggg_7handlertSgWOe
_$sSo31NSURLSessionResponseDispositionVIeyBy_ABIegy_TRTA
block_destroy_helper.20
_$s9Alamofire15SessionDelegateC03urlB0_8dataTask10didReceiveySo12NSURLSessionC_So0i4DataF0C10Foundation0J0VtFTo
_$s9Alamofire15SessionDelegateC03urlB0_8dataTask10didReceiveySo12NSURLSessionC_So0i4DataF0C10Foundation0J0VtF
_$s9Alamofire21CompositeEventMonitorCAA0cD0A2aDP10urlSession_8dataTask10didReceiveySo12NSURLSessionC_So0k4DataH0C10Foundation0L
_$s10Foundation4DataV15_RepresentationOWOy
_$s9Alamofire9ProtectedC5writeyqd__qd__xzKXEKlFAA11DataRequestC0D12MutableState33_20DC6AC555317897356903E24C947C3DLLV_ytSgTg501
_$s9Alamofire0A13NotificationsCAA12EventMonitorA2aDP10urlSession_8dataTask10didReceiveySo12NSURLSessionC_So0k4DataH0C10Foundati
_$s9Alamofire11DataRequestC22updateDownloadProgressyyF
objectdestroy.26Tm
_$s9Alamofire7RequestC8lastTaskSo012NSURLSessionD0CSgvg
_$s9Alamofire7RequestC23downloadProgressHandlerySo10NSProgressCc7handler_So17OS_dispatch_queueC0J0tSgvg
_$sSo10NSProgressCIegg_7handler_So17OS_dispatch_queueC0E0tSgWOy
_$s9Alamofire21CompositeEventMonitorCAA0cD0A2aDP10urlSession_8dataTask17willCacheResponseySo12NSURLSessionC_So0l4DataH0CSo19NSC
_$s9Alamofire7SessionCAA0B13StateProviderA2aDP21cachedResponseHandlerAA06CachedfG0_pSgvgTW
_$s9Alamofire0A13NotificationsCAA12EventMonitorA2aDP10urlSession_8dataTask17willCacheResponseySo12NSURLSessionC_So0l4DataH0CSo1
_$s9Alamofire15SessionDelegateC03urlB0_4task19didFinishCollectingySo12NSURLSessionC_So0I4TaskCSo0iJ7MetricsCtFTo
_$s9Alamofire15SessionDelegateC03urlB0_4task19didFinishCollectingySo12NSURLSessionC_So0I4TaskCSo0iJ7MetricsCtF
_$s9Alamofire21CompositeEventMonitorCAA0cD0A2aDP10urlSession_4task19didFinishCollectingySo12NSURLSessionC_So0K4TaskCSo0kL7Metri
_$s9Alamofire7RequestC16didGatherMetricsyySo016NSURLSessionTaskE0CF
_$s9Alamofire9ProtectedC5writeyqd__qd__xzKXEKlFAA7RequestC12MutableStateV_ytTg5013$s9Alamofire7d51C16didGatherMetricsyySo016NSU
_$s9Alamofire0A13NotificationsCAA12EventMonitorA2aDP10urlSession_4task19didFinishCollectingySo12NSURLSessionC_So0K4TaskCSo0kL7M
_$s9Alamofire7RequestC16didGatherMetricsyySo016NSURLSessionTaskE0CFyAC12MutableStateVzXEfU_
_$sSa034_makeUniqueAndReserveCapacityIfNotB0yyFSo23NSURLSessionTaskMetricsC_Tg5
_$ss12_ArrayBufferV20_consumeAndCreateNew14bufferIsUnique15minimumCapacity13growForAppendAByxGSb_SiSbtFSo23NSURLSessionTaskMetr
_$ss22_ContiguousArrayBufferV19_uninitializedCount15minimumCapacityAByxGSi_SitcfCSo23NSURLSessionTaskMetricsC_Tgm5
_$ss29getContiguousArrayStorageType3fors01_bcD0CyxGmxm_tlFSo23NSURLSessionTaskMetricsC_Tgm5
_$s9Alamofire21CompositeEventMonitorCAA0cD0A2aDP7request_16didGatherMetricsyAA7RequestC_So016NSURLSessionTaskH0CtFTW
_$s9Alamofire7SessionCAA0B13StateProviderA2aDP23didGatherMetricsForTaskyySo012NSURLSessionI0CFTW
_$s9Alamofire7SessionC23didGatherMetricsForTaskyySo012NSURLSessionG0CF
_$s9Alamofire14RequestTaskMapV047disassociateIfNecessaryAfterGatheringMetricsForC0ySbSo012NSURLSessionC0CF
_$s9Alamofire21CompositeEventMonitorC7request_16didGatherMetricsyAA7RequestC_So016NSURLSessionTaskH0CtFyAA0cD0_pcfU_TA.183
_$s9Alamofire21CompositeEventMonitorC7request_16didGatherMetricsyAA7RequestC_So016NSURLSessionTaskH0CtFyAA0cD0_pcfU_TATm
_$s9Alamofire0A13NotificationsCAA12EventMonitorA2aDP7request_16didGatherMetricsyAA7RequestC_So016NSURLSessionTaskH0CtFTW
_$s9Alamofire15SessionDelegateC03urlB0_4task20didCompleteWithErrorySo12NSURLSessionC_So0J4TaskCs0I0_pSgtFTo
_$s9Alamofire15SessionDelegateC03urlB0_4task20didCompleteWithErrorySo12NSURLSessionC_So0J4TaskCs0I0_pSgtF
_$s9Alamofire21CompositeEventMonitorCAA0cD0A2aDP10urlSession_4task20didCompleteWithErrorySo12NSURLSessionC_So0L4TaskCs0K0_pSgtF
_$s9Alamofire7SessionCAA0B13StateProviderA2aDP15didCompleteTask_10completionySo012NSURLSessionG0C_yyctFTW
_$s9Alamofire7SessionC15didCompleteTask_10completionySo012NSURLSessionE0C_yyctF
_$s9Alamofire0A13NotificationsCAA12EventMonitorA2aDP10urlSession_4task20didCompleteWithErrorySo12NSURLSessionC_So0L4TaskCs0K0_p
_$s9Alamofire14RequestTaskMapV038disassociateIfNecessaryAfterCompletingC0ySbSo012NSURLSessionC0CF
objectdestroy.17Tm
_$sSD8_VariantV11removeValue6forKeyq_Sgx_tFSo16NSURLSessionTaskC_9Alamofire7RequestCTg5
_$ss17_NativeDictionaryV7_delete2atys10_HashTableV6BucketV_tFSo16NSURLSessionTaskC_9Alamofire7RequestCTg5
_$sSD8_VariantV11removeValue6forKeyq_Sgx_tF9Alamofire7RequestC_So16NSURLSessionTaskCTg5
_$ss17_NativeDictionaryV7_delete2atys10_HashTableV6BucketV_tF9Alamofire7RequestC_So16NSURLSessionTaskCTg5
_$sSD8_VariantV11removeValue6forKeyq_Sgx_tFSo16NSURLSessionTaskC_Sb9completed_Sb15metricsGatheredtTg5
_$ss17_NativeDictionaryV7_delete2atys10_HashTableV6BucketV_tFSo16NSURLSessionTaskC_Sb9completed_Sb15metricsGatheredtTg5
_$s9Alamofire15SessionDelegateC03urlB0_4task20didCompleteWithErrorySo12NSURLSessionC_So0J4TaskCs0I0_pSgtFyycfU_TA
_$s9Alamofire15SessionDelegateC03urlB0_4task20didCompleteWithErrorySo12NSURLSessionC_So0J4TaskCs0I0_pSgtFyycfU_
_$s9Alamofire7RequestC15didCompleteTask_4withySo012NSURLSessionE0C_AA7AFErrorOSgtF
_$s9Alamofire12EventMonitor_pSgWOhTm
_$s9Alamofire21CompositeEventMonitorCAA0cD0A2aDP7request_15didCompleteTask4withyAA7RequestC_So012NSURLSessionH0CAA7AFErrorOSgtF
_$s9Alamofire7AFErrorOSgWObTm
_$s9Alamofire7RequestC13retryOrFinish5erroryAA7AFErrorOSg_tF
_$s9Alamofire7RequestC6finish5erroryAA7AFErrorOSg_tF
_$s9Alamofire7RequestC29processNextResponseSerializeryyF
_$s9Alamofire9ProtectedC5writeyqd__qd__xzKXEKlFAA7RequestC12MutableStateV_ytTg5013$s9Alamofire7d37C22nextResponseSerializeryycS
_$s9Alamofire0A13NotificationsCAA12EventMonitorA2aDP7request_15didCompleteTask4withyAA7RequestC_So012NSURLSessionH0CAA7AFErrorO
_$s9Alamofire7RequestC22nextResponseSerializeryycSgyFyAC12MutableStateVzXEfU_
_$s9Alamofire7RequestC27didCompleteTaskNotification_WZ
_$sIeg_SgWOe
_$s9Alamofire21CompositeEventMonitorCAA0cD0A2aDP16requestDidFinishyyAA7RequestCFTW
_$s9Alamofire7RequestC29processNextResponseSerializeryyFyyYbcfU1_TA
_$sytIegr_Ieg_TRTA
_$sIeg_ytIegr_TRTA.172
_$sIeg_ytIegr_TR
_$s9Alamofire7RequestC04lastB010Foundation10URLRequestVSgvg
_$s9Alamofire22DataResponseSerializerC9serialize7request8response4data5error10Foundation0B0VAI10URLRequestVSg_So17NSHTTPURLResp
objectdestroy.65Tm
_$s9Alamofire23PassthroughPreprocessorVAA04DataC0A2aDP10preprocessy10Foundation0D0VAIKFTW
_$s9Alamofire21CompositeEventMonitorC16requestDidFinishyyAA7RequestCFyAA0cD0_pcfU_TA.170
_$s9Alamofire21CompositeEventMonitorC16requestDidFinishyyAA7RequestCFyAA0cD0_pcfU_TATm
_$s9Alamofire0A13NotificationsCAA12EventMonitorA2aDP16requestDidFinishyyAA7RequestCFTW
_$s9Alamofire7RequestC21didFinishNotification_WZ
_$sSS10FoundationE8EncodingVSgWObTm
block_copy_helper.104
_$s9Alamofire7RequestC11lastMetricsSo016NSURLSessionTaskD0CSgvg
_$s9Alamofire21CompositeEventMonitorCAA0cD0A2aDP7request_16didParseResponseyAA11DataRequestC_AA0iH0Vyqd__AA7AFErrorOGtlFTW
_$s9Alamofire21CompositeEventMonitorC7request_16didParseResponseyAA11DataRequestC_AA0iH0VyxAA7AFErrorOGtlF
_$s9Alamofire21CompositeEventMonitorC7request_16didParseResponseyAA11DataRequestC_AA0iH0VyxAA7AFErrorOGtlFTm
_$s9Alamofire12DataResponseVwcp
_$s9Alamofire9ProtectedC5writeyqd__qd__xzKXEKlFAA7RequestC12MutableStateV_ytTg5013$s9Alamofire7d56C29responseSerializerDidCompl
_$s9Alamofire7RequestC29responseSerializerDidComplete10completionyyyc_tFyAC12MutableStateVzXEfU_
_$s9Alamofire21CompositeEventMonitorC7request_16didParseResponseyAA11DataRequestC_AA0iH0VyxAA7AFErrorOGtlFyAA0cD0_pcfU_TA
_$s9Alamofire0A13NotificationsCAA12EventMonitorA2aDP7request_16didParseResponseyAA11DataRequestC_AA0iH0Vyqd__AA7AFErrorOGtlFTW
_$s9Alamofire9ProtectedC5writeyqd__qd__xzKXEKlFAA7RequestC12MutableStateV_ytTg5013$s9Alamofire7d40C29processNextResponseSeriali
_$s9Alamofire7RequestC29processNextResponseSerializeryyFyAC12MutableStateVzXEfU_
objectdestroy.230Tm
_$sIeg_ytIegr_TRTA.101
block_copy_helper.126
_$s9Alamofire7RequestC7cleanupyyF
_$s9Alamofire7SessionCAA15RequestDelegateA2aDP7cleanup5afteryAA0C0C_tFTW
_$sSh8_VariantV6removeyxSgxF9Alamofire7RequestC_Tg5
_$ss10_NativeSetV7_delete2atys10_HashTableV6BucketV_tF9Alamofire7RequestC_Tg5
_$s9Alamofire12DataResponseVwxx
block_destroy_helper.105
block_destroy_helper.127
objectdestroy.114Tm
_$sxIeghHr_xs5Error_pIegHrzo_s8SendableRzs5NeverORs_r0_lTR9Alamofire12DataResponseVy10Foundation0E0VAE7AFErrorOG_Tg5TQ0_
_$s9Alamofire8StreamOfV8IteratorVyx_GScIAAScI4next7ElementQzSgyYaKFTWTQ0_
_$sxIeghHr_xs5Error_pIegHrzo_s8SendableRzs5NeverORs_r0_lTR9Alamofire12DataResponseVy10Foundation0E0VAE7AFErrorOG_Tg5TATQ0_
_$s9Alamofire22DataResponseSerializerCfD
_$s9Alamofire22DataResponseSerializerCfDTm
_$s9Alamofire8DataTaskV8responseAA0B8ResponseVyxAA7AFErrorOGvgAIyYaXEfU_TQ1_
_$s9Alamofire12DownloadTaskV8responseAA0B8ResponseVyxAA7AFErrorOGvgAIyYaXEfU_TQ1_
_$s9Alamofire8DataTaskV8responseAA0B8ResponseVyxAA7AFErrorOGvgAIyYaXEfU_TATQ0_
_$ss27withTaskCancellationHandler9operation8onCancelxxyYaKXE_yyYbXEtYaKlFTwbTQ1_
_$s9Alamofire8DataTaskV8responseAA0B8ResponseVyxAA7AFErrorOGvgTQ1_
_$s9Alamofire8DataTaskV5valuexvg10Foundation0B0V_Tg5TQ1_
_$s9Alamofire8DataTaskV5valuexvg10Foundation0B0V_Tg5TY2_
_$s9Alamofire11DataRequestC13NetworkClientE9decodablexyYaKSeRzlFTQ1_
_$s9Alamofire11DataRequestC13NetworkClientE9decodablexyYaKSeRzlFTY2_
_$s11NetworkCore13BingoResponseVSeAASe4fromxs7Decoder_p_tKcfCTW
_$s11NetworkCore13BingoResponseV4fromACs7Decoder_p_tKcfCTf4nd_n
_$s11NetworkCore13BingoResponseV10CodingKeys33_184677D8B3F4F3BB144000D33E73FBAELLOMa
_$s11NetworkCore13BingoResponseV10CodingKeys33_184677D8B3F4F3BB144000D33E73FBAELLOs0E3KeyAAs28CustomDebugStringConvertiblePWb
_$s11NetworkCore13BingoResponseV10CodingKeys33_184677D8B3F4F3BB144000D33E73FBAELLOAFs28CustomDebugStringConvertibleAAWl
_$s11NetworkCore13BingoResponseV10CodingKeys33_184677D8B3F4F3BB144000D33E73FBAELLOs0E3KeyAAs23CustomStringConvertiblePWb
_$s11NetworkCore13BingoResponseV10CodingKeys33_184677D8B3F4F3BB144000D33E73FBAELLOAFs23CustomStringConvertibleAAWl
_$s11NetworkCore13BingoResponseV10CodingKeys33_184677D8B3F4F3BB144000D33E73FBAELLOAFs0E3KeyAAWl
_$s11NetworkCore13BingoResponseV10CodingKeys33_184677D8B3F4F3BB144000D33E73FBAELLOs0E3KeyAAsAGP11stringValueSSvgTW
_$s11NetworkCore13BingoResponseV10CodingKeys33_184677D8B3F4F3BB144000D33E73FBAELLOwst
_$s11NetworkCore4TileVMa
_$sSay11NetworkCore4TileVGSayxGSesSeRzlWl
_$s11NetworkCore4TileVACSeAAWl
_$s11NetworkCore13BingoResponseV10CodingKeys33_184677D8B3F4F3BB144000D33E73FBAELLOwet
_$s11NetworkCore4TileVSeAASe4fromxs7Decoder_p_tKcfCTW
_$s11NetworkCore4TileV10CodingKeys33_1436760C864F969A1EDC6A66715A095BLLOMa
_$s11NetworkCore4TileV10CodingKeys33_1436760C864F969A1EDC6A66715A095BLLOs0D3KeyAAs28CustomDebugStringConvertiblePWb
_$s11NetworkCore4TileV10CodingKeys33_1436760C864F969A1EDC6A66715A095BLLOAFs28CustomDebugStringConvertibleAAWl
_$s11NetworkCore4TileV10CodingKeys33_1436760C864F969A1EDC6A66715A095BLLOs0D3KeyAAs23CustomStringConvertiblePWb
_$s11NetworkCore4TileV10CodingKeys33_1436760C864F969A1EDC6A66715A095BLLOAFs23CustomStringConvertibleAAWl
_$s11NetworkCore4TileV10CodingKeys33_1436760C864F969A1EDC6A66715A095BLLOAFs0D3KeyAAWl
__swift_memcpy0_1
_$s11NetworkCore4TileV10CodingKeys33_1436760C864F969A1EDC6A66715A095BLLOs0D3KeyAAsAGP11stringValueSSvgTW
_$s11NetworkCore4TileV10CodingKeys33_1436760C864F969A1EDC6A66715A095BLLOwst
_$s13BingoServices0A7ServiceC03getA7HistorySay12CommonModels0A5ModelVGyYaKFTQ1_
_$s13BingoServices0A7ServiceC03getA7HistorySay12CommonModels0A5ModelVGyYaKFTY2_
_$ss15ContiguousArrayV16_createNewBuffer14bufferIsUnique15minimumCapacity13growForAppendySb_SiSbtF12CommonModels10BingoModelV_T
_$s11NetworkCore13BingoResponseVWOr
_$s11NetworkCore13BingoResponseV02toC9CardModel12CommonModels0cG0VyF
_$sSay11NetworkCore4TileVGWOr
_$s12CommonModels10BingoModelV4TileVMa
_$sSay11NetworkCore4TileVGWOs
_$s11NetworkCore13BingoResponseVWOs
_$s9Alamofire11DataRequestCfD
_$s9Alamofire7RequestCfd
_$s9Alamofire15RequestDelegate_pSgXwWOh
_$s9Alamofire9ProtectedCfD
_$s9Alamofire10UnfairLockCfD
_$s9Alamofire11DataRequestC0B12MutableState33_20DC6AC555317897356903E24C947C3DLLVwxx
_$s11NetworkCore13BingoResponseVwxx
_$s11NetworkCore4TileVwxx
_$s12BingoHistory0aB9ViewModelC6reloadyyYaFyyYaYbcfU_TQ1_
_$s12BingoHistory0aB9ViewModelC6reloadyyYaFyyYaYbcfU_TY2_
_$s12BingoHistory0aB9ViewModelC6reloadyyYaFyyYaYbcfU_TATQ0_
_$s12BingoHistory0aB9ViewModelC06deleteA05modely12CommonModels0aD0V_tFyyYaYbcfU0_TATQ0_
_$sxIeghHr_xs5Error_pIegHrzo_s8SendableRzs5NeverORs_r0_lTRyt_Tg5TA.44TQ0_
_$s12BingoHistory0aB9ViewModelC6reloadyyYaFTQ1_
_$s12BingoHistory14SwipeViewGroupVwcp
_$s12BingoHistory14SwipeViewGroupVwxx
_$s12BingoHistory0B5StateOSQAASQ2eeoiySbx_xtFZTW
_$s12BingoHistory0B5StateO2eeoiySbAC_ACtFZTf4nnd_n
_$s12BingoHistory14SwipeViewGroupVyxG7SwiftUI0D0AaeFP05_makeD4List4view6inputsAE01_dI7OutputsVAE11_GraphValueVyxG_AE01_dI6Input
_$s12BingoHistory14SwipeViewGroupVyxG7SwiftUI0D0AA4BodyAeFP_AHWT
_$s7SwiftUI30_EnvironmentKeyWritingModifierVyAA7BindingVy10Foundation4UUIDVSgGGACyxGAA04ViewF0AAWlTm
_$s12BingoHistory14SwipeViewGroupVwca
_$s12BingoHistory14SwipeViewGroupVyxG7SwiftUI0D0AaeFP4body4BodyQzvgTW
_$s12BingoHistory14SwipeViewGroupV4bodyQrvg
_$s12BingoHistory0aB4ViewV09cardsListC033_740438FF5088180356EC5EFCE8383725LL0D0QrSay12CommonModels0A5ModelVG_tF7SwiftUI0C0PAKE1
_$s7SwiftUI15ModifiedContentVyAA10LazyVStackVyAA7ForEachVySay12CommonModels10BingoModelVGSS0K7History0K11SnippetViewVGGAA14_Pad
_$s7SwiftUI7ForEachVySay12CommonModels10BingoModelVGSS0G7History0G11SnippetViewVGACyxq_q0_GAA0K0A2aMR0_rlWl
_$s12BingoHistory0A11SnippetViewVAC7SwiftUI0D0AAWl
_$s7SwiftUI7BindingVy10Foundation4UUIDVSgGWOhTm
_$s12BingoHistory26SwipeViewGroupSelectionKeyVAC7SwiftUI011EnvironmentG0AAWl
_$s12BingoHistory26SwipeViewGroupSelectionKeyV7SwiftUI011EnvironmentG0AadEP12defaultValue0L0QzvgZTW
_$s12BingoHistory26SwipeViewGroupSelectionKeyV12defaultValue_WZ
_$s7SwiftUI7BindingVy10Foundation4UUIDVSgGWOcTm
_$s7SwiftUI17EnvironmentValuesV12BingoHistoryE23swipeViewGroupSelectionAA7BindingVy10Foundation4UUIDVSgGvpACTk
_$s12CommonModels10BingoModelVwcp
_$s12CommonModels10BingoModelVwxx
__swift_memcpy112_8
_$s12BingoHistory0A11SnippetViewVwcp
_$s12BingoHistory0A11SnippetViewVwxx
_$s12BingoHistory0A11SnippetViewV7SwiftUI0D0AadEP05_makeD4List4view6inputsAD01_dH7OutputsVAD11_GraphValueVyxG_AD01_dH6InputsVtF
_$s12BingoHistory16SwipeActionLabel33_9E3516AFEF66B54277A42F710928635ELLVMa
_$s12BingoHistory11SwipeActionVMa
_$s12BingoHistory11SwipeActionVMi
_$s12BingoHistory9SwipeViewVMa
_$s12BingoHistory9SwipeViewVMi
_$s12BingoHistory9SwipeViewVMr
_$s7SwiftUI5StateVy10Foundation4UUIDVGMa
_$s12BingoHistory15GestureVelocityVMa
_$s12BingoHistory15GestureVelocityVMr
_$s12BingoHistory0A11SnippetViewV7SwiftUI0D0AA4BodyAdEP_AGWT
_$s7SwiftUI15ModifiedContentVyACy12BingoHistory9SwipeViewVyAA6ButtonVyAA6ZStackVyAA05TupleH0VyACyAA06_ShapeH0VyAA16RoundedRecta
_$s7SwiftUI15ModifiedContentVy12BingoHistory9SwipeViewVyAA6ButtonVyAA6ZStackVyAA05TupleH0VyACyAA06_ShapeH0VyAA16RoundedRectangl
_$s7SwiftUI6ZStackVyAA9TupleViewVyAA15ModifiedContentVyAA06_ShapeE0VyAA16RoundedRectangleVAA5ColorVGAA12_FrameLayoutVG_AGyAGyAA
_$s12BingoHistory9SwipeViewVyxq_q0_G7SwiftUI0D0AaeFP05_makeD4List4view6inputsAE01_dH7OutputsVAE11_GraphValueVyxG_AE01_dH6Inputs
_$s12BingoHistory12SwipeOptionsVMa
_$s12BingoHistory12SwipeContextVMa
_$sSo6CGSizeVMa
_$s12BingoHistory9SwipeSideOMa
_$s12BingoHistory10SwipeStateOMa
_$s12BingoHistory15GestureVelocityV7SwiftUI15DynamicPropertyAadEP18_propertyBehaviorss6UInt32VvgZTW
_$s12BingoHistory30ContentSizeReaderPreferenceKeyVMa
_$s12BingoHistory18SwipeActionsLayoutVMa
_$s12BingoHistory22AllowSwipeToTriggerKeyVMa
_$s12BingoHistory18SwipeActionsLayoutV7SwiftUI014_VariadicView_I4RootAaD01_hi1_J0PWb
_$s12BingoHistory18SwipeActionsLayoutVAC7SwiftUI18_VariadicView_RootAAWl
_$s12BingoHistory15GestureVelocityV7SwiftUI15DynamicPropertyAadEP05_makeH02in9container11fieldOffset6inputsyAD01_gH6BufferVz_AD
_$s12BingoHistory9SwipeViewVyxq_q0_G7SwiftUI0D0AA4BodyAeFP_AHWT
_$s12BingoHistory18SwipeActionsLayoutVAC7SwiftUI014_VariadicView_I4RootAAWl
_$s12BingoHistory0A11SnippetViewVwca
objectdestroy.61Tm
_$s12BingoHistory0A11SnippetViewV7SwiftUI0D0AadEP4body4BodyQzvgTW
_$s12BingoHistory0A11SnippetViewV4bodyQrvg
_$s12BingoHistory0A11SnippetViewVWOr
_$s12BingoHistory9SwipeViewV5label14leadingActions08trailingG0ACyxq_q0_Gxyc_q_AA0C7ContextVcq0_AIctcfC7SwiftUI6ButtonVyAJ6ZStac
_$s12BingoHistory12SwipeOptionsVACycfCTf4d_n
_$s12BingoHistory9SwipeViewVy7SwiftUI6ButtonVyAD6ZStackVyAD05TupleD0VyAD15ModifiedContentVyAD06_ShapeD0VyAD16RoundedRectangleVA
_$s12BingoHistory9SwipeViewVwcp
_$s12BingoHistory9SwipeViewVwxx
_$s12BingoHistory19SwipeDeleteModifierVAC7SwiftUI04ViewE0AAWl
_$s12BingoHistory19SwipeDeleteModifierV7SwiftUI04ViewE0AadEP05_makeH08modifier6inputs4bodyAD01_H7OutputsVAD11_GraphValueVyxG_AD
_$s12BingoHistory19SwipeDeleteModifierVMa
_$s12BingoHistory20SwipeDeleteMaskShapeVMa
_$s12BingoHistory19SwipeDeleteModifierV7SwiftUI04ViewE0AA4BodyAdEP_AD0H0PWT
_$s7SwiftUI15ModifiedContentVyAA014_ViewModifier_D0Vy12BingoHistory011SwipeDeleteF0VGAA11_MaskEffectVyACyAA5ColorVAA08_OverlayF
_$s12BingoHistory30ContentSizeReaderPreferenceKeyV7SwiftUI0fG0AadEP17_isReadableByHostSbvgZTW
_$s12BingoHistory18SwipeActionsLayoutV7SwiftUI18_VariadicView_RootAadEP16_viewListOptionsSivgZTW
_$s12BingoHistory18SwipeActionsLayoutV7SwiftUI014_VariadicView_I4RootAadEP05_makeI04root6inputs4bodyAD01_I7OutputsVAD11_GraphVa
_$s12BingoHistory18SwipeActionsLayoutV7SwiftUI014_VariadicView_I4RootAA4BodyAdEP_AD0I0PWT
_$s7SwiftUI15ModifiedContentVyACyACyACyAA6HStackVyAA7ForEachVySaySi_AA22_VariadicView_ChildrenV7ElementVtGs11AnyHashableVAA012_
_$s7SwiftUI15ModifiedContentVyACyACyAA22_VariadicView_ChildrenV7ElementVAA16_FlexFrameLayoutVGAA01_jK0VGAA14_OpacityEffectVGACy
_$s7SwiftUI15ModifiedContentVyACyAA6HStackVyAA7ForEachVySaySi_AA22_VariadicView_ChildrenV7ElementVtGs11AnyHashableVAA012_Condit
_$s7SwiftUI15ModifiedContentVyAA6HStackVyAA7ForEachVySaySi_AA22_VariadicView_ChildrenV7ElementVtGs11AnyHashableVAA012_Condition
_$s12BingoHistory10SwipeStateOwst
_$s12BingoHistory11SwipeActionVyxq_G7SwiftUI4ViewAaeFP05_makeG4List4view6inputsAE01_gI7OutputsVAE11_GraphValueVyxG_AE01_gI6Inpu
_$s12BingoHistory22SwipeActionButtonStyleVMa
_$s12BingoHistory12SwipeContextVwst
_$s12BingoHistory12SwipeContextVwet
_$s12BingoHistory11SwipeActionVyxq_G7SwiftUI4ViewAA4BodyAeFP_AHWT
_$s12BingoHistory22SwipeActionButtonStyleVAC7SwiftUI0eF0AAWl
_$s12BingoHistory20SwipeDeleteMaskShapeV7SwiftUI4ViewAadEP05_makeI04view6inputsAD01_I7OutputsVAD11_GraphValueVyxG_AD01_I6Inputs
_$s12BingoHistory20SwipeDeleteMaskShapeVAC7SwiftUI0F0AAWl
_$s12BingoHistory20SwipeDeleteMaskShapeV7SwiftUI0F0AaD10AnimatablePWb
_$s12BingoHistory20SwipeDeleteMaskShapeVAC7SwiftUI10AnimatableAAWl
_$s12BingoHistory20SwipeDeleteMaskShapeV7SwiftUI0F0AaD4ViewPWb
_$s12BingoHistory20SwipeDeleteMaskShapeVAC7SwiftUI4ViewAAWl
_$s12BingoHistory20SwipeDeleteMaskShapeV7SwiftUI4ViewAA4BodyAdEP_AGWT
_$s12BingoHistory20SwipeDeleteMaskShapeV7SwiftUI0F0AadEP4roleAD0F4RoleOvgZTW
_$s12BingoHistory20SwipeDeleteMaskShapeV7SwiftUI10AnimatableAadEP05_makeI05value6inputsyAD11_GraphValueVyxGz_AD01_M6InputsVtFZT
_$s7SwiftUI17EnvironmentValuesV12BingoHistoryE23swipeViewGroupSelectionAA7BindingVy10Foundation4UUIDVSgGvpACTK
_$s12BingoHistory9SwipeSideOwst
_$s12BingoHistory9SwipeSideOwet
_$s12BingoHistory10SwipeStateOwet
_$s12BingoHistory15GestureVelocityV7SwiftUI15DynamicPropertyAadEP6updateyyFTW
_$s12BingoHistory9SwipeViewVyxq_q0_G7SwiftUI0D0AaeFP4body4BodyQzvgTW
_$s12BingoHistory9SwipeViewV4bodyQrvg
_$s12BingoHistory9SwipeViewV4bodyQrvg7SwiftUI0D0PAEE6offset1x1yQr12CoreGraphics7CGFloatV_AMtFQOyx_Qo_yXEfU_TA
_$s12BingoHistory9SwipeViewV4bodyQrvg7SwiftUI0D0PAEE6offset1x1yQr12CoreGraphics7CGFloatV_AMtFQOyx_Qo_yXEfU_
_$s12BingoHistory0A11SnippetViewV4bodyQrvg7SwiftUI6ButtonVyAE6ZStackVyAE05TupleD0VyAE0D0PAEE5frame5width6height9alignmentQr12Co
_$s8SharedUI8AveColorO15backgroundLight05SwiftB00D0Vvau
_$s8SharedUI8AveColorO15backgroundLight_WZ
_$s7SwiftUI15ModifiedContentVyAA10_ShapeViewVyAA16RoundedRectangleVAA5ColorVGAA12_FrameLayoutVGWOb
_$s12BingoHistory0A11SnippetViewV15bingoEmojiImage33_9E3516AFEF66B54277A42F710928635ELL7SwiftUI0G0Vvg
_$s8SharedUI8AveColorO10background05SwiftB00D0Vvau
_$s8SharedUI8AveColorO10background_WZ
_$s8SharedUI7AveFontO7content05SwiftB00D0Vvau
_$s8SharedUI7AveFontO7content_WZ
_$s12BingoHistory9SwipeViewV13currentOffsetSdvg
_$s12BingoHistory9SwipeViewV11savedOffsetSdvg
_$s7SwiftUI4ViewP12BingoHistoryE8readSize4sizeQrySo6CGSizeVc_tF
_$s7SwiftUI15ModifiedContentVyAA14GeometryReaderVyACyACyAA5ColorVAA26_PreferenceWritingModifierVy12BingoHistory0d4SizefH3KeyVGG
_$s12BingoHistory9SwipeViewV13$leadingState7SwiftUI7BindingVyAA0cF0OSgGvg
_$s12BingoHistory9SwipeViewV23$numberOfLeadingActions7SwiftUI7BindingVySiGvg
_$s12BingoHistory9SwipeViewV07actionsD04side5state15numberOfActions0E0QrAA0C4SideO_7SwiftUI7BindingVyAA0C5StateOSgGAMySiGqd__AA
_$s12BingoHistory18SwipeActionsLayoutVwcp
_$s12BingoHistory9SwipeViewV17currentlyDraggingSbvg
_$s12BingoHistory0A11SnippetViewV4bodyQrvg7SwiftUI05EmptyD0VAA12SwipeContextVcfU0_
_$s12BingoHistory12SwipeContextVwcp
_$s12BingoHistory12SwipeContextVwxx
_$s12BingoHistory22AllowSwipeToTriggerKeyVAC7SwiftUI010PreferenceG0AAWl
_$sSbSgxSgSQsSQRzlWl
_$s12BingoHistory18SwipeActionsLayoutVwxx
_$s12BingoHistory15GestureVelocityVWOcTm
_$s12BingoHistory15GestureVelocityVWOhTm
_$s7SwiftUI15ModifiedContentVyAA5ColorVAA16_OverlayModifierVyACyACyACyACyAA22_VariadicView_ChildrenV7ElementVAA16_FlexFrameLayo
_$s12BingoHistory9SwipeViewV14$trailingState7SwiftUI7BindingVyAA0cF0OSgGvg
_$s12BingoHistory9SwipeViewV24$numberOfTrailingActions7SwiftUI7BindingVySiGvg
_$s12BingoHistory9SwipeViewV4bodyQrvg7SwiftUI0D0PAEE18onPreferenceChange_7performQrqd__m_y5ValueQyd__ctAE0I3KeyRd__SQAKRQlFQOyA
_$s12BingoHistory0A11SnippetViewV4bodyQrvg7SwiftUI05TupleD0VyAA11SwipeActionVyAE0D0PAEE7opacityyQrSdFQOyAA0iJ5Label33_9E3516AFE
_$s12BingoHistory11SwipeActionV6action5label10backgroundACyxq_Gyyc_xSbcq_SbctcfC7SwiftUI15ModifiedContentVyAA0cD5Label33_9E3516
_$s12BingoHistory11SwipeActionV6action5label10backgroundACyxq_Gyyc_xSbcq_SbctcfC7SwiftUI4TextV_AH5ColorVTgm5Tm
_$s7SwiftUI11EnvironmentV7ContentOy12BingoHistory12SwipeContextV_GWOy
_$s7SwiftUI11EnvironmentV7ContentOy12BingoHistory12SwipeContextV_GWOe
_$s12BingoHistory11SwipeActionVwcp
_$s12BingoHistory11SwipeActionVwxx
_$s12BingoHistory9SwipeViewV18$currentlyDragging7SwiftUI12GestureStateVySbGvg
_$s12BingoHistory9SwipeViewV4bodyQrvgy7SwiftUI11DragGestureV5ValueVcACyxq_q0_Gcfu_
_$s7SwiftUI11DragGestureV5ValueVAESQAAWlTm
_$s12BingoHistory9SwipeViewV4bodyQrvgy7SwiftUI11DragGestureV5ValueVcACyxq_q0_Gcfu1_
_$s12BingoHistory15GestureVelocityVwcp
_$s12BingoHistory15GestureVelocityVWOb
_$s12BingoHistory15GestureVelocityVwxx
_$s12BingoHistory9SwipeViewV12leadingStateAA0cF0OSgvg
_$s12BingoHistory10SwipeStateOSgxSgSQsSQRzlWl
_$s12BingoHistory10SwipeStateOACSQAAWl
_$s12BingoHistory9SwipeViewV13trailingStateAA0cF0OSgvg
_$s7SwiftUI11EnvironmentV12wrappedValuexvgAA7BindingVy10Foundation4UUIDVSgG_Tg5
_$sSbSgWObTm
_$s10Foundation4UUIDVSgxSgSQsSQRzlWl
_$s8SharedUI9AveButtonVwcp
_$s8SharedUI9AveButtonVwxx
_$s8SharedUI9AveButtonV05SwiftB04ViewAadEP05_makeF4List4view6inputsAD01_fH7OutputsVAD11_GraphValueVyxG_AD01_fH6InputsVtFZTW
_$s8SharedUI9AveButtonV05SwiftB04ViewAA4BodyAdEP_AGWT
_$s7SwiftUI15ModifiedContentVyACyAA6ButtonVyACyACyACyAA6HStackVyAA9TupleViewVyAA5ImageVSg_AA012_ConditionalD0VyAA08ProgressH0Vy
_$s7SwiftUI15ModifiedContentVyAA6ButtonVyACyACyACyAA6HStackVyAA9TupleViewVyAA5ImageVSg_AA012_ConditionalD0VyAA08ProgressH0VyAA0
_$s7SwiftUI6HStackVyAA9TupleViewVyAA5ImageVSg_AA19_ConditionalContentVyAA08ProgressE0VyAA05EmptyE0VANGAA08ModifiedH0VyAA4TextVA
_$s8SharedUI9AveButtonVwca
_$s8SharedUI9AveButtonV05SwiftB04ViewAadEP4body4BodyQzvgTW
_$s8SharedUI9AveButtonV4bodyQrvg
_$s7SwiftUI15ModifiedContentVyACyACyAA6HStackVyAA9TupleViewVyAA5ImageVSg_AA012_ConditionalD0VyAA08ProgressG0VyAA05EmptyG0VAPGAC
_$s7SwiftUI15ModifiedContentVyACyAA6HStackVyAA9TupleViewVyAA5ImageVSg_AA012_ConditionalD0VyAA08ProgressG0VyAA05EmptyG0VAPGACyAA
_$s7SwiftUI15ModifiedContentVyAA6HStackVyAA9TupleViewVyAA5ImageVSg_AA012_ConditionalD0VyAA08ProgressG0VyAA05EmptyG0VAPGACyAA4Te
_$s8SharedUI9AveButtonV4bodyQrvg05SwiftB04ViewPAEE10background9alignment7contentQrAE9AlignmentV_qd__yXEtAeFRd__lFQOyAgEE7paddin
_$s7SwiftUI15ModifiedContentVyAA4TextVAA24_ForegroundStyleModifierVyAA5ColorVGGACyxq_GAA4ViewA2aMRzAA0jH0R_rlWl
_$s8SharedUI8AveColorO12contentLight_WZ
_$s7SwiftUI16RoundedRectangleVWOc
_$s7SwiftUI16RoundedRectangleVWOh
_$s7SwiftUI4ViewPAAE8disabledyQrSbFySbzcfU_TA
_$s12BingoHistory19SwipeDeleteModifierV7SwiftUI04ViewE0AadEP4body7content4BodyQzAD01_hE8_ContentVyxG_tFTW
_$s12BingoHistory20SwipeDeleteMaskShapeV7SwiftUI4ViewAadEP4body4BodyQzvgTW
_$s12BingoHistory20SwipeDeleteMaskShapeV7SwiftUI10AnimatableAadEP14animatableData0iK0QzvgTW
_$s12BingoHistory20SwipeDeleteMaskShapeV7SwiftUI0F0AadEP12sizeThatFitsySo6CGSizeVAD16ProposedViewSizeVFTW
_$s12BingoHistory18SwipeActionsLayoutV7SwiftUI014_VariadicView_I4RootAadEP4body8children4BodyQzAD01_hI9_ChildrenV_tFTW
_$s12BingoHistory18SwipeActionsLayoutV4body8childrenQr7SwiftUI22_VariadicView_ChildrenV_tF
_$s12BingoHistory18SwipeActionsLayoutV4body8childrenQr7SwiftUI22_VariadicView_ChildrenV_tFs11AnyHashableVSgyXEfU_
_$s12BingoHistory18SwipeActionsLayoutV4body8childrenQr7SwiftUI22_VariadicView_ChildrenV_tFAF7ForEachVySaySi_AH7ElementVtGs11Any
_$ss30_copySequenceToContiguousArrayys0dE0Vy7ElementQzGxSTRzlFs04Zip2B0VySnySiG7SwiftUI22_VariadicView_ChildrenVG_Tg5
_$ss22_ContiguousArrayBufferV19_uninitializedCount15minimumCapacityAByxGSi_SitcfCSi_7SwiftUI22_VariadicView_ChildrenV7ElementVt
_$s12BingoHistory18SwipeActionsLayoutVWOr
_$s7SwiftUI19_ConditionalContentVyAA08ModifiedD0VyAEyAA5ColorVAA16_OverlayModifierVyAEyAEyAEyAEyAA22_VariadicView_ChildrenV7Ele
_$s7SwiftUI15ModifiedContentVyACyAA5ColorVAA16_OverlayModifierVyACyACyACyACyAA22_VariadicView_ChildrenV7ElementVAA16_FlexFrameL
_$s7SwiftUI15ModifiedContentVyACyACyACyAA22_VariadicView_ChildrenV7ElementVAA16_FlexFrameLayoutVGAA01_jK0VGAA14_OpacityEffectVG
_$s7SwiftUI15ModifiedContentVyACyAA22_VariadicView_ChildrenV7ElementVAA16_FlexFrameLayoutVGAA01_jK0VGACyxq_GAA0F0A2aORzAA0F8Mod
_$s7SwiftUI15ModifiedContentVyAA22_VariadicView_ChildrenV7ElementVAA16_FlexFrameLayoutVGACyxq_GAA0F0A2aLRzAA0F8ModifierR_rlWl
_$sSi7SwiftUI22_VariadicView_ChildrenV7ElementVAA19_ConditionalContentVyAA08ModifiedH0VyAIyAA5ColorVAA16_OverlayModifierVyAIyAI
_$s7SwiftUI4ViewPAAE5frame8minWidth05idealF003maxF00E6Height0gI00hI09alignmentQr12CoreGraphics7CGFloatVSg_A5oA9AlignmentVtFAA09
_$s12BingoHistory22SwipeActionButtonStyleV7SwiftUI0eF0AA4BodyAdEP_AD4ViewPWT
_$s12BingoHistory16SwipeActionLabel33_9E3516AFEF66B54277A42F710928635ELLV7SwiftUI4ViewAaeFP05_makeM04view6inputsAE01_M7OutputsV
_$s12BingoHistory16SwipeActionLabel33_9E3516AFEF66B54277A42F710928635ELLV7SwiftUI4ViewAA4BodyAeFP_AHWT
_$s12BingoHistory22AllowSwipeToTriggerKeyV7SwiftUI010PreferenceG0AadEP17_isReadableByHostSbvgZTW
_$s7SwiftUI17EnvironmentValuesV12BingoHistoryE12swipeContextAD05SwipeH0VvpACTK
_$s12BingoHistory15SwipeContextKeyVAC7SwiftUI011EnvironmentE0AAWl
_$s12BingoHistory15SwipeContextKeyV7SwiftUI011EnvironmentE0AadEP12defaultValue0J0QzvgZTW
_$s12BingoHistory15SwipeContextKeyV12defaultValue_WZ
_$s12BingoHistory12SwipeContextVwta
_$s7SwiftUI17EnvironmentValuesV12BingoHistoryE12swipeContextAD05SwipeH0VvpACTk
_$s12BingoHistory11SwipeActionVyxq_G7SwiftUI4ViewAaeFP4body4BodyQzvgTW
_$s12BingoHistory11SwipeActionV4bodyQrvg
_$s12BingoHistory11SwipeActionV4bodyQrvg7SwiftUI9AlignmentVyXEfU_
_$s12BingoHistory11SwipeActionV12swipeContextAA0cF0Vvg
_$s7SwiftUI11EnvironmentVy12BingoHistory12SwipeContextVGWOrTm
_$s12BingoHistory12SwipeContextVWOs
_$s12BingoHistory11SwipeActionV4bodyQrvgSd_SdtyXEfU0_
_$s12BingoHistory11SwipeActionV4bodyQrvg7SwiftUI4ViewPAEE7overlay_9alignmentQrqd___AE9AlignmentVtAeFRd__lFQOyq__AgEE7paddingyQr
_$s8SharedUI8AveColorO3red05SwiftB00D0Vvau
_$s8SharedUI8AveColorO3red_WZ
_$s12BingoHistory16SwipeActionLabel33_9E3516AFEF66B54277A42F710928635ELLVwcp
_$s12BingoHistory16SwipeActionLabel33_9E3516AFEF66B54277A42F710928635ELLVwCP
_$s12BingoHistory16SwipeActionLabel33_9E3516AFEF66B54277A42F710928635ELLVwxx
_$s12BingoHistory11SwipeActionVyxq_G7SwiftUI4ViewRzAeFR_r0_lWOr
_$s7SwiftUI11TransactionVWOs
_$s8SharedUI8AveColorO5lilac05SwiftB00D0Vvau
_$s8SharedUI8AveColorO5lilac_WZ
_$sSlsE5first7ElementQzSgvg7SwiftUI22_VariadicView_ChildrenV_Tg5
_$s7SwiftUI4ViewP12BingoHistoryE8readSize4sizeQrySo6CGSizeVc_tFAcAE18onPreferenceChange_7performQrqd__m_y5ValueQyd__ctAA0K3KeyR
_$s12BingoHistory16SwipeActionLabel33_9E3516AFEF66B54277A42F710928635ELLV7SwiftUI4ViewAaeFP4body4BodyQzvgTW
_$s12BingoHistory16SwipeActionLabel33_9E3516AFEF66B54277A42F710928635ELLV4bodyQrvg7SwiftUI9EmptyViewVyXEfU_
_$s12BingoHistory16SwipeActionLabel33_9E3516AFEF66B54277A42F710928635ELLV4bodyQrvg7SwiftUI5ImageVyXEfU0_TA
_$s12BingoHistory16SwipeActionLabel33_9E3516AFEF66B54277A42F710928635ELLV4bodyQrvg7SwiftUI5ImageVyXEfU0_
_$s12BingoHistory18SwipeActionsLayoutV4body8childrenQr7SwiftUI22_VariadicView_ChildrenV_tFyycfU1_TA
_$s12BingoHistory18SwipeActionsLayoutV4body8childrenQr7SwiftUI22_VariadicView_ChildrenV_tFyycfU1_
_$s12BingoHistory9SwipeViewV26swipeToTriggerTrailingEdgeSbvs
_$s12BingoHistory18SwipeActionsLayoutVwca
_$s12BingoHistory12SwipeContextVwca
_$s12BingoHistory11SwipeActionVwca
objectdestroy.12Tm
_$s12BingoHistory16SwipeActionLabel33_9E3516AFEF66B54277A42F710928635ELLVwca
_$s12CommonModels10BingoModelVSQAASQ2eeoiySbx_xtFZTW
_$s12CommonModels10BingoModelV23__derived_struct_equalsySbAC_ACtFZTf4nnd_n
_$sSasSQRzlE2eeoiySbSayxG_ABtFZ12CommonModels10BingoModelV4TileV_Tgm5
objectdestroy.21Tm
_$s12BingoHistory20SwipeDeleteMaskShapeV7SwiftUI0F0AadEP4path2inAD4PathVSo6CGRectV_tFTW
_$s12BingoHistory20SwipeDeleteMaskShapeV7SwiftUI0F0AadEP23layoutDirectionBehaviorAD06LayoutjK0OvgTW
_$s12BingoHistory0aB9ViewModelC6reloadyyYaFTY2_
_$s12BingoHistory0aB4ViewV4bodyQrvgyycfU1_yyYaYbcfU_TQ1_
_$s12BingoHistory0aB4ViewV4bodyQrvgyycfU1_yyYaYbcfU_TY2_
_$s12BingoHistory0aB4ViewV4bodyQrvgyycfU1_yyYaYbcfU_TATQ0_
_$s12BingoHistory9SwipeViewV4bodyQrvgySo6CGSizeVcfU0_TA
_$s12BingoHistory9SwipeViewV4sizeSo6CGSizeVvs
_$s12BingoHistory16SwipeActionStyleOMa
_$s8Dispatch0A4TimeVSgWOh
_$s12BingoHistory9SwipeViewVwca
_$s12CommonModels10BingoModelV4TileVwxx
